Using pre-set license
Built from '2020.3/staging' branch; Version is '2020.3.17f1 (a4537701e4ab) revision 10769271'; Using compiler version '192528614'; Build Type 'Release'
OS: 'Windows 10 Home; OS build 19042.1237; Version 2009; 64bit' Language: 'en' Physical Memory: 16272 MB
BatchMode: 1, IsHumanControllingUs: 0, StartBugReporterOnCrash: 0, Is64bit: 1, IsPro: 0

COMMAND LINE ARGUMENTS:
C:\Users\Mark\Documents\2020.3.17f1\Editor\Unity.exe
-adb2
-batchMode
-noUpm
-name
AssetImportWorker23
-projectPath
C:/Users/Mark/Documents/AutumnGameJam/Autumn Cafe
-logFile
Logs/AssetImportWorker23.log
-srvPort
52450
Successfully changed project path to: C:/Users/Mark/Documents/AutumnGameJam/Autumn Cafe
C:/Users/Mark/Documents/AutumnGameJam/Autumn Cafe
Using Asset Import Pipeline V2.
Refreshing native plugins compatible for Editor in 500.95 ms, found 2 plugins.
Preloading 0 native plugins for Editor in 0.00 ms.
Initialize engine version: 2020.3.17f1 (a4537701e4ab)
[Subsystems] Discovering subsystems at path C:/Users/Mark/Documents/2020.3.17f1/Editor/Data/Resources/UnitySubsystems
[Subsystems] Discovering subsystems at path C:/Users/Mark/Documents/AutumnGameJam/Autumn Cafe/Assets
GfxDevice: creating device client; threaded=0
Direct3D:
    Version:  Direct3D 11.0 [level 11.1]
    Renderer: NVIDIA GeForce GTX 1050 Ti (ID=0x1c8c)
    Vendor:   
    VRAM:     4018 MB
    Driver:   30.0.14.7196
Initialize mono
Mono path[0] = 'C:/Users/Mark/Documents/2020.3.17f1/Editor/Data/Managed'
Mono path[1] = 'C:/Users/Mark/Documents/2020.3.17f1/Editor/Data/MonoBleedingEdge/lib/mono/unityjit'
Mono config path = 'C:/Users/Mark/Documents/2020.3.17f1/Editor/Data/MonoBleedingEdge/etc'
Using monoOptions --debugger-agent=transport=dt_socket,embedding=1,server=y,suspend=n,address=127.0.0.1:56264
Begin MonoManager ReloadAssembly
Registering precompiled unity dll's ...
Register platform support module: C:/Users/Mark/Documents/2020.3.17f1/Editor/Data/PlaybackEngines/WebGLSupport/UnityEditor.WebGL.Extensions.dll
Register platform support module: C:/Users/Mark/Documents/2020.3.17f1/Editor/Data/PlaybackEngines/MacStandaloneSupport/UnityEditor.OSXStandalone.Extensions.dll
Register platform support module: C:/Users/Mark/Documents/2020.3.17f1/Editor/Data/PlaybackEngines/WindowsStandaloneSupport/UnityEditor.WindowsStandalone.Extensions.dll
Register platform support module: C:/Users/Mark/Documents/2020.3.17f1/Editor/Data/PlaybackEngines/LinuxStandaloneSupport/UnityEditor.LinuxStandalone.Extensions.dll
Registered in 0.005666 seconds.
Native extension for LinuxStandalone target not found
Native extension for WindowsStandalone target not found
Native extension for OSXStandalone target not found
Native extension for WebGL target not found
Refreshing native plugins compatible for Editor in 237.74 ms, found 2 plugins.
Preloading 0 native plugins for Editor in 0.00 ms.
Mono: successfully reloaded assembly
- Completed reload, in  2.767 seconds
Domain Reload Profiling:
	ReloadAssembly (2768ms)
		BeginReloadAssembly (210ms)
			ExecutionOrderSort (0ms)
			DisableScriptedObjects (0ms)
			BackupInstance (0ms)
			ReleaseScriptingObjects (0ms)
			CreateAndSetChildDomain (3ms)
		EndReloadAssembly (1091ms)
			LoadAssemblies (202ms)
			RebuildTransferFunctionScriptingTraits (0ms)
			SetupTypeCache (302ms)
			ReleaseScriptCaches (0ms)
			RebuildScriptCaches (68ms)
			SetupLoadedEditorAssemblies (569ms)
				LogAssemblyErrors (0ms)
				InitializePlatformSupportModulesInManaged (28ms)
				SetLoadedEditorAssemblies (1ms)
				RefreshPlugins (238ms)
				BeforeProcessingInitializeOnLoad (44ms)
				ProcessInitializeOnLoadAttributes (190ms)
				ProcessInitializeOnLoadMethodAttributes (69ms)
				AfterProcessingInitializeOnLoad (0ms)
				EditorAssembliesLoaded (0ms)
			ExecutionOrderSort2 (0ms)
			AwakeInstancesAfterBackupRestoration (0ms)
Platform modules already initialized, skipping
Registering precompiled user dll's ...
Registered in 0.042453 seconds.
Begin MonoManager ReloadAssembly
Native extension for LinuxStandalone target not found
Native extension for WindowsStandalone target not found
Native extension for OSXStandalone target not found
Native extension for WebGL target not found
Refreshing native plugins compatible for Editor in 141.86 ms, found 2 plugins.
Preloading 0 native plugins for Editor in 0.00 ms.
Mono: successfully reloaded assembly
- Completed reload, in  2.560 seconds
Domain Reload Profiling:
	ReloadAssembly (2562ms)
		BeginReloadAssembly (308ms)
			ExecutionOrderSort (0ms)
			DisableScriptedObjects (5ms)
			BackupInstance (0ms)
			ReleaseScriptingObjects (0ms)
			CreateAndSetChildDomain (30ms)
		EndReloadAssembly (2144ms)
			LoadAssemblies (158ms)
			RebuildTransferFunctionScriptingTraits (0ms)
			SetupTypeCache (564ms)
			ReleaseScriptCaches (1ms)
			RebuildScriptCaches (107ms)
			SetupLoadedEditorAssemblies (1126ms)
				LogAssemblyErrors (0ms)
				InitializePlatformSupportModulesInManaged (10ms)
				SetLoadedEditorAssemblies (0ms)
				RefreshPlugins (142ms)
				BeforeProcessingInitializeOnLoad (165ms)
				ProcessInitializeOnLoadAttributes (791ms)
				ProcessInitializeOnLoadMethodAttributes (8ms)
				AfterProcessingInitializeOnLoad (9ms)
				EditorAssembliesLoaded (0ms)
			ExecutionOrderSort2 (0ms)
			AwakeInstancesAfterBackupRestoration (9ms)
Platform modules already initialized, skipping
========================================================================
Worker process is ready to serve import requests
Launched and connected shader compiler UnityShaderCompiler.exe after 0.09 seconds
Refreshing native plugins compatible for Editor in 1.16 ms, found 2 plugins.
Preloading 0 native plugins for Editor in 0.00 ms.
Unloading 3673 Unused Serialized files (Serialized files now loaded: 0)
System memory in use before: 188.2 MB.
System memory in use after: 188.0 MB.

Unloading 32 unused Assets to reduce memory usage. Loaded Objects now: 4123.
Total: 7.924500 ms (FindLiveObjects: 0.669800 ms CreateObjectMapping: 0.363300 ms MarkObjects: 5.556900 ms  DeleteObjects: 1.332900 ms)

AssetImportParameters requested are different than current active one (requested -> active):
  custom:framework-win-MediaFoundation: 216162199b28c13a410421893ffa2e32 -> 
  custom:video-decoder-ogg-theora: a1e56fd34408186e4bbccfd4996cb3dc -> 
  custom:container-muxer-webm: aa71ff27fc2769a1b78a27578f13a17b -> 
  custom:container-demuxer-webm: 4f35f7cbe854078d1ac9338744f61a02 -> 
  custom:container-demuxer-ogg: 62fdf1f143b41e24485cea50d1cbac27 -> 
  custom:video-encoder-webm-vp8: eb34c28f22e8b96e1ab97ce403110664 -> 
  custom:video-codec-MediaFoundation-h265: 746d11721c4dcdbdad8f713fa42b33f4 -> 
  custom:video-decoder-webm-vp8: 9c59270c3fd7afecdb556c50c9e8de78 -> 
  custom:audio-decoder-ogg-vorbis: bf7c407c2cedff20999df2af8eb42d56 -> 
  custom:audio-encoder-webm-vorbis: bf7c407c2cedff20999df2af8eb42d56 -> 
========================================================================
Received Import Request.
  path: Assets/Prefabs/Cup.prefab
  artifactKey: Guid(8c67d96a88477304998c60cefb4eb4c8) Importer(815301076,1909f56bfc062723c751e8b465ee728b)
Start importing Assets/Prefabs/Cup.prefab using Guid(8c67d96a88477304998c60cefb4eb4c8) Importer(815301076,1909f56bfc062723c751e8b465ee728b)  -> (artifact id: 'cef184cc412e1cf7605fc2105f4e5c7a') in 0.312512 seconds 
  Import took 0.321586 seconds .

========================================================================
Received Import Request.
  Time since last request: 933.754677 seconds.
  path: Assets/Prefabs/Cup.prefab
  artifactKey: Guid(8c67d96a88477304998c60cefb4eb4c8) Importer(815301076,1909f56bfc062723c751e8b465ee728b)
Start importing Assets/Prefabs/Cup.prefab using Guid(8c67d96a88477304998c60cefb4eb4c8) Importer(815301076,1909f56bfc062723c751e8b465ee728b)  -> (artifact id: '8c1728bb1ef20b8cbee439452b844c48') in 0.062695 seconds 
  Import took 0.070805 seconds .

========================================================================
Received Import Request.
  Time since last request: 0.009199 seconds.
  path: Assets/Prefabs/Cup.prefab
  artifactKey: Guid(8c67d96a88477304998c60cefb4eb4c8) Importer(815301076,1909f56bfc062723c751e8b465ee728b)
Start importing Assets/Prefabs/Cup.prefab using Guid(8c67d96a88477304998c60cefb4eb4c8) Importer(815301076,1909f56bfc062723c751e8b465ee728b)  -> (artifact id: '8c1728bb1ef20b8cbee439452b844c48') in 0.022079 seconds 
  Import took 0.031486 seconds .

========================================================================
Received Import Request.
  Time since last request: 2.166161 seconds.
  path: Assets/Prefabs/Cup.prefab
  artifactKey: Guid(8c67d96a88477304998c60cefb4eb4c8) Importer(815301076,1909f56bfc062723c751e8b465ee728b)
Start importing Assets/Prefabs/Cup.prefab using Guid(8c67d96a88477304998c60cefb4eb4c8) Importer(815301076,1909f56bfc062723c751e8b465ee728b)  -> (artifact id: 'cacbc7f17fe954dbbe361c547d46a4c9') in 0.018532 seconds 
  Import took 0.026639 seconds .

========================================================================
Received Import Request.
  Time since last request: 0.007290 seconds.
  path: Assets/Prefabs/Cup.prefab
  artifactKey: Guid(8c67d96a88477304998c60cefb4eb4c8) Importer(815301076,1909f56bfc062723c751e8b465ee728b)
Start importing Assets/Prefabs/Cup.prefab using Guid(8c67d96a88477304998c60cefb4eb4c8) Importer(815301076,1909f56bfc062723c751e8b465ee728b)  -> (artifact id: 'cacbc7f17fe954dbbe361c547d46a4c9') in 0.016464 seconds 
  Import took 0.026963 seconds .

========================================================================
Received Import Request.
  Time since last request: 4.131181 seconds.
  path: Assets/Prefabs/Cup.prefab
  artifactKey: Guid(8c67d96a88477304998c60cefb4eb4c8) Importer(815301076,1909f56bfc062723c751e8b465ee728b)
Start importing Assets/Prefabs/Cup.prefab using Guid(8c67d96a88477304998c60cefb4eb4c8) Importer(815301076,1909f56bfc062723c751e8b465ee728b)  -> (artifact id: '1163bc763c616b14f99675a5d8936e80') in 0.048603 seconds 
  Import took 0.055459 seconds .

========================================================================
Received Import Request.
  Time since last request: 0.028488 seconds.
  path: Assets/Prefabs/Cup.prefab
  artifactKey: Guid(8c67d96a88477304998c60cefb4eb4c8) Importer(815301076,1909f56bfc062723c751e8b465ee728b)
Start importing Assets/Prefabs/Cup.prefab using Guid(8c67d96a88477304998c60cefb4eb4c8) Importer(815301076,1909f56bfc062723c751e8b465ee728b)  -> (artifact id: '1163bc763c616b14f99675a5d8936e80') in 0.016022 seconds 
  Import took 0.024328 seconds .

========================================================================
Received Import Request.
  Time since last request: 11.716200 seconds.
  path: Assets/Prefabs/Cup.prefab
  artifactKey: Guid(8c67d96a88477304998c60cefb4eb4c8) Importer(815301076,1909f56bfc062723c751e8b465ee728b)
Start importing Assets/Prefabs/Cup.prefab using Guid(8c67d96a88477304998c60cefb4eb4c8) Importer(815301076,1909f56bfc062723c751e8b465ee728b)  -> (artifact id: '325997aa5df0ef8bf5575b175766f21c') in 0.018529 seconds 
  Import took 0.027457 seconds .

========================================================================
Received Import Request.
  Time since last request: 14.412764 seconds.
  path: Assets/Prefabs/Cup.prefab
  artifactKey: Guid(8c67d96a88477304998c60cefb4eb4c8) Importer(815301076,1909f56bfc062723c751e8b465ee728b)
Start importing Assets/Prefabs/Cup.prefab using Guid(8c67d96a88477304998c60cefb4eb4c8) Importer(815301076,1909f56bfc062723c751e8b465ee728b)  -> (artifact id: '361d7c5ba8bfa62be32a6c31a340c104') in 0.060155 seconds 
  Import took 0.067670 seconds .

========================================================================
Received Import Request.
  Time since last request: 0.011242 seconds.
  path: Assets/Prefabs/Cup.prefab
  artifactKey: Guid(8c67d96a88477304998c60cefb4eb4c8) Importer(815301076,1909f56bfc062723c751e8b465ee728b)
Start importing Assets/Prefabs/Cup.prefab using Guid(8c67d96a88477304998c60cefb4eb4c8) Importer(815301076,1909f56bfc062723c751e8b465ee728b)  -> (artifact id: '361d7c5ba8bfa62be32a6c31a340c104') in 0.015525 seconds 
  Import took 0.023095 seconds .

========================================================================
Received Import Request.
  Time since last request: 2.178082 seconds.
  path: Assets/Prefabs/Cup.prefab
  artifactKey: Guid(8c67d96a88477304998c60cefb4eb4c8) Importer(815301076,1909f56bfc062723c751e8b465ee728b)
Start importing Assets/Prefabs/Cup.prefab using Guid(8c67d96a88477304998c60cefb4eb4c8) Importer(815301076,1909f56bfc062723c751e8b465ee728b)  -> (artifact id: 'ebe9324a1462ea14308ce7e8c84bf8d3') in 0.014205 seconds 
  Import took 0.022524 seconds .

========================================================================
Received Import Request.
  Time since last request: 0.028446 seconds.
  path: Assets/Prefabs/Cup.prefab
  artifactKey: Guid(8c67d96a88477304998c60cefb4eb4c8) Importer(815301076,1909f56bfc062723c751e8b465ee728b)
Start importing Assets/Prefabs/Cup.prefab using Guid(8c67d96a88477304998c60cefb4eb4c8) Importer(815301076,1909f56bfc062723c751e8b465ee728b)  -> (artifact id: 'ebe9324a1462ea14308ce7e8c84bf8d3') in 0.019153 seconds 
  Import took 0.027606 seconds .

========================================================================
Received Import Request.
  Time since last request: 4.561663 seconds.
  path: Assets/Prefabs/Cup.prefab
  artifactKey: Guid(8c67d96a88477304998c60cefb4eb4c8) Importer(815301076,1909f56bfc062723c751e8b465ee728b)
Start importing Assets/Prefabs/Cup.prefab using Guid(8c67d96a88477304998c60cefb4eb4c8) Importer(815301076,1909f56bfc062723c751e8b465ee728b)  -> (artifact id: '57bc8faac12b9677755c610ad50bbdb7') in 0.013777 seconds 
  Import took 0.021601 seconds .

========================================================================
Received Import Request.
  Time since last request: 0.020356 seconds.
  path: Assets/Prefabs/Cup.prefab
  artifactKey: Guid(8c67d96a88477304998c60cefb4eb4c8) Importer(815301076,1909f56bfc062723c751e8b465ee728b)
Start importing Assets/Prefabs/Cup.prefab using Guid(8c67d96a88477304998c60cefb4eb4c8) Importer(815301076,1909f56bfc062723c751e8b465ee728b)  -> (artifact id: '57bc8faac12b9677755c610ad50bbdb7') in 0.013470 seconds 
  Import took 0.024118 seconds .

========================================================================
Received Import Request.
  Time since last request: 2.227943 seconds.
  path: Assets/Prefabs/Cup.prefab
  artifactKey: Guid(8c67d96a88477304998c60cefb4eb4c8) Importer(815301076,1909f56bfc062723c751e8b465ee728b)
Start importing Assets/Prefabs/Cup.prefab using Guid(8c67d96a88477304998c60cefb4eb4c8) Importer(815301076,1909f56bfc062723c751e8b465ee728b)  -> (artifact id: 'fea97d7bc8e21cc2effc9772c9fe1c22') in 0.016160 seconds 
  Import took 0.026133 seconds .

========================================================================
Received Import Request.
  Time since last request: 0.003216 seconds.
  path: Assets/Prefabs/Cup.prefab
  artifactKey: Guid(8c67d96a88477304998c60cefb4eb4c8) Importer(815301076,1909f56bfc062723c751e8b465ee728b)
Start importing Assets/Prefabs/Cup.prefab using Guid(8c67d96a88477304998c60cefb4eb4c8) Importer(815301076,1909f56bfc062723c751e8b465ee728b)  -> (artifact id: 'fea97d7bc8e21cc2effc9772c9fe1c22') in 0.013237 seconds 
  Import took 0.023798 seconds .

========================================================================
Received Import Request.
  Time since last request: 8.705466 seconds.
  path: Assets/Prefabs/Cup.prefab
  artifactKey: Guid(8c67d96a88477304998c60cefb4eb4c8) Importer(815301076,1909f56bfc062723c751e8b465ee728b)
Start importing Assets/Prefabs/Cup.prefab using Guid(8c67d96a88477304998c60cefb4eb4c8) Importer(815301076,1909f56bfc062723c751e8b465ee728b)  -> (artifact id: '0ff1828304d36343e112d00d1099240f') in 0.017133 seconds 
  Import took 0.025350 seconds .

========================================================================
Received Import Request.
  Time since last request: 0.001839 seconds.
  path: Assets/Prefabs/Cup.prefab
  artifactKey: Guid(8c67d96a88477304998c60cefb4eb4c8) Importer(815301076,1909f56bfc062723c751e8b465ee728b)
Start importing Assets/Prefabs/Cup.prefab using Guid(8c67d96a88477304998c60cefb4eb4c8) Importer(815301076,1909f56bfc062723c751e8b465ee728b)  -> (artifact id: '0ff1828304d36343e112d00d1099240f') in 0.015499 seconds 
  Import took 0.025007 seconds .

========================================================================
Received Import Request.
  Time since last request: 3.876689 seconds.
  path: Assets/Prefabs/Cup.prefab
  artifactKey: Guid(8c67d96a88477304998c60cefb4eb4c8) Importer(815301076,1909f56bfc062723c751e8b465ee728b)
Start importing Assets/Prefabs/Cup.prefab using Guid(8c67d96a88477304998c60cefb4eb4c8) Importer(815301076,1909f56bfc062723c751e8b465ee728b)  -> (artifact id: '492d751f88ffe3fc36723dfec022d4ef') in 0.018343 seconds 
  Import took 0.033404 seconds .

========================================================================
Received Import Request.
  Time since last request: 5.147580 seconds.
  path: Assets/Prefabs/Cup.prefab
  artifactKey: Guid(8c67d96a88477304998c60cefb4eb4c8) Importer(815301076,1909f56bfc062723c751e8b465ee728b)
Start importing Assets/Prefabs/Cup.prefab using Guid(8c67d96a88477304998c60cefb4eb4c8) Importer(815301076,1909f56bfc062723c751e8b465ee728b)  -> (artifact id: '002a60d6bf2ae69158c255f886733a34') in 0.012797 seconds 
  Import took 0.022034 seconds .

========================================================================
Received Import Request.
  Time since last request: 0.029208 seconds.
  path: Assets/Prefabs/Cup.prefab
  artifactKey: Guid(8c67d96a88477304998c60cefb4eb4c8) Importer(815301076,1909f56bfc062723c751e8b465ee728b)
Start importing Assets/Prefabs/Cup.prefab using Guid(8c67d96a88477304998c60cefb4eb4c8) Importer(815301076,1909f56bfc062723c751e8b465ee728b)  -> (artifact id: '002a60d6bf2ae69158c255f886733a34') in 0.016061 seconds 
  Import took 0.026075 seconds .

========================================================================
Received Import Request.
  Time since last request: 6.074370 seconds.
  path: Assets/Prefabs/Cup.prefab
  artifactKey: Guid(8c67d96a88477304998c60cefb4eb4c8) Importer(815301076,1909f56bfc062723c751e8b465ee728b)
Start importing Assets/Prefabs/Cup.prefab using Guid(8c67d96a88477304998c60cefb4eb4c8) Importer(815301076,1909f56bfc062723c751e8b465ee728b)  -> (artifact id: '9d6ed823738b7d184f06210820a66fc1') in 0.061139 seconds 
  Import took 0.068537 seconds .

========================================================================
Received Import Request.
  Time since last request: 0.010214 seconds.
  path: Assets/Prefabs/Cup.prefab
  artifactKey: Guid(8c67d96a88477304998c60cefb4eb4c8) Importer(815301076,1909f56bfc062723c751e8b465ee728b)
Start importing Assets/Prefabs/Cup.prefab using Guid(8c67d96a88477304998c60cefb4eb4c8) Importer(815301076,1909f56bfc062723c751e8b465ee728b)  -> (artifact id: '9d6ed823738b7d184f06210820a66fc1') in 0.015871 seconds 
  Import took 0.024969 seconds .

========================================================================
Received Import Request.
  Time since last request: 4.472138 seconds.
  path: Assets/Prefabs/Cup.prefab
  artifactKey: Guid(8c67d96a88477304998c60cefb4eb4c8) Importer(815301076,1909f56bfc062723c751e8b465ee728b)
Start importing Assets/Prefabs/Cup.prefab using Guid(8c67d96a88477304998c60cefb4eb4c8) Importer(815301076,1909f56bfc062723c751e8b465ee728b)  -> (artifact id: '0f94319ac0b56b45882091537aea1b9a') in 0.018383 seconds 
  Import took 0.028325 seconds .

========================================================================
Received Import Request.
  Time since last request: 0.006900 seconds.
  path: Assets/Prefabs/Cup.prefab
  artifactKey: Guid(8c67d96a88477304998c60cefb4eb4c8) Importer(815301076,1909f56bfc062723c751e8b465ee728b)
Start importing Assets/Prefabs/Cup.prefab using Guid(8c67d96a88477304998c60cefb4eb4c8) Importer(815301076,1909f56bfc062723c751e8b465ee728b)  -> (artifact id: '0f94319ac0b56b45882091537aea1b9a') in 0.017416 seconds 
  Import took 0.027353 seconds .

========================================================================
Received Import Request.
  Time since last request: 3.054433 seconds.
  path: Assets/Prefabs/Cup.prefab
  artifactKey: Guid(8c67d96a88477304998c60cefb4eb4c8) Importer(815301076,1909f56bfc062723c751e8b465ee728b)
Start importing Assets/Prefabs/Cup.prefab using Guid(8c67d96a88477304998c60cefb4eb4c8) Importer(815301076,1909f56bfc062723c751e8b465ee728b)  -> (artifact id: 'e87b891d6747728ff7a8ef92e87bfae9') in 0.057322 seconds 
  Import took 0.064076 seconds .

========================================================================
Received Import Request.
  Time since last request: 0.015801 seconds.
  path: Assets/Prefabs/Cup.prefab
  artifactKey: Guid(8c67d96a88477304998c60cefb4eb4c8) Importer(815301076,1909f56bfc062723c751e8b465ee728b)
Start importing Assets/Prefabs/Cup.prefab using Guid(8c67d96a88477304998c60cefb4eb4c8) Importer(815301076,1909f56bfc062723c751e8b465ee728b)  -> (artifact id: 'e87b891d6747728ff7a8ef92e87bfae9') in 0.016276 seconds 
  Import took 0.024976 seconds .

========================================================================
Received Import Request.
  Time since last request: 3.183243 seconds.
  path: Assets/Prefabs/Cup.prefab
  artifactKey: Guid(8c67d96a88477304998c60cefb4eb4c8) Importer(815301076,1909f56bfc062723c751e8b465ee728b)
Start importing Assets/Prefabs/Cup.prefab using Guid(8c67d96a88477304998c60cefb4eb4c8) Importer(815301076,1909f56bfc062723c751e8b465ee728b)  -> (artifact id: 'b87968780a00725823929f3665cefe68') in 0.018590 seconds 
  Import took 0.027981 seconds .

========================================================================
Received Import Request.
  Time since last request: 0.003367 seconds.
  path: Assets/Prefabs/Cup.prefab
  artifactKey: Guid(8c67d96a88477304998c60cefb4eb4c8) Importer(815301076,1909f56bfc062723c751e8b465ee728b)
Start importing Assets/Prefabs/Cup.prefab using Guid(8c67d96a88477304998c60cefb4eb4c8) Importer(815301076,1909f56bfc062723c751e8b465ee728b)  -> (artifact id: 'b87968780a00725823929f3665cefe68') in 0.013687 seconds 
  Import took 0.025317 seconds .

========================================================================
Received Import Request.
  Time since last request: 3.054699 seconds.
  path: Assets/Prefabs/Cup.prefab
  artifactKey: Guid(8c67d96a88477304998c60cefb4eb4c8) Importer(815301076,1909f56bfc062723c751e8b465ee728b)
Start importing Assets/Prefabs/Cup.prefab using Guid(8c67d96a88477304998c60cefb4eb4c8) Importer(815301076,1909f56bfc062723c751e8b465ee728b)  -> (artifact id: '2b4afb7ed7c75499cb6d4465b437a1aa') in 0.018868 seconds 
  Import took 0.033717 seconds .

========================================================================
Received Import Request.
  Time since last request: 4.820738 seconds.
  path: Assets/Prefabs/Cup.prefab
  artifactKey: Guid(8c67d96a88477304998c60cefb4eb4c8) Importer(815301076,1909f56bfc062723c751e8b465ee728b)
Start importing Assets/Prefabs/Cup.prefab using Guid(8c67d96a88477304998c60cefb4eb4c8) Importer(815301076,1909f56bfc062723c751e8b465ee728b)  -> (artifact id: 'd0515efb4419d4aa742399295e2c192b') in 0.017673 seconds 
  Import took 0.031678 seconds .

========================================================================
Received Import Request.
  Time since last request: 1.031723 seconds.
  path: Assets/Prefabs/Cup.prefab
  artifactKey: Guid(8c67d96a88477304998c60cefb4eb4c8) Importer(815301076,1909f56bfc062723c751e8b465ee728b)
Start importing Assets/Prefabs/Cup.prefab using Guid(8c67d96a88477304998c60cefb4eb4c8) Importer(815301076,1909f56bfc062723c751e8b465ee728b)  -> (artifact id: 'afe3d58eb3b8fef6e009952f13ebe6f8') in 0.018706 seconds 
  Import took 0.025798 seconds .

========================================================================
Received Import Request.
  Time since last request: 0.001524 seconds.
  path: Assets/Prefabs/Cup.prefab
  artifactKey: Guid(8c67d96a88477304998c60cefb4eb4c8) Importer(815301076,1909f56bfc062723c751e8b465ee728b)
Start importing Assets/Prefabs/Cup.prefab using Guid(8c67d96a88477304998c60cefb4eb4c8) Importer(815301076,1909f56bfc062723c751e8b465ee728b)  -> (artifact id: 'afe3d58eb3b8fef6e009952f13ebe6f8') in 0.014105 seconds 
  Import took 0.022328 seconds .

========================================================================
Received Import Request.
  Time since last request: 2.093790 seconds.
  path: Assets/Prefabs/Cup.prefab
  artifactKey: Guid(8c67d96a88477304998c60cefb4eb4c8) Importer(815301076,1909f56bfc062723c751e8b465ee728b)
Start importing Assets/Prefabs/Cup.prefab using Guid(8c67d96a88477304998c60cefb4eb4c8) Importer(815301076,1909f56bfc062723c751e8b465ee728b)  -> (artifact id: 'ab0813d4f98b3eaae2ca30ae32f9d462') in 0.018171 seconds 
  Import took 0.027487 seconds .

========================================================================
Received Import Request.
  Time since last request: 0.002900 seconds.
  path: Assets/Prefabs/Cup.prefab
  artifactKey: Guid(8c67d96a88477304998c60cefb4eb4c8) Importer(815301076,1909f56bfc062723c751e8b465ee728b)
Start importing Assets/Prefabs/Cup.prefab using Guid(8c67d96a88477304998c60cefb4eb4c8) Importer(815301076,1909f56bfc062723c751e8b465ee728b)  -> (artifact id: 'ab0813d4f98b3eaae2ca30ae32f9d462') in 0.014347 seconds 
  Import took 0.022462 seconds .

========================================================================
Received Import Request.
  Time since last request: 4.572232 seconds.
  path: Assets/Prefabs/Cup.prefab
  artifactKey: Guid(8c67d96a88477304998c60cefb4eb4c8) Importer(815301076,1909f56bfc062723c751e8b465ee728b)
Start importing Assets/Prefabs/Cup.prefab using Guid(8c67d96a88477304998c60cefb4eb4c8) Importer(815301076,1909f56bfc062723c751e8b465ee728b)  -> (artifact id: 'f15e104b657e7dff3335d9210ffccefc') in 0.048823 seconds 
  Import took 0.055752 seconds .

========================================================================
Received Import Request.
  Time since last request: 0.018362 seconds.
  path: Assets/Prefabs/Cup.prefab
  artifactKey: Guid(8c67d96a88477304998c60cefb4eb4c8) Importer(815301076,1909f56bfc062723c751e8b465ee728b)
Start importing Assets/Prefabs/Cup.prefab using Guid(8c67d96a88477304998c60cefb4eb4c8) Importer(815301076,1909f56bfc062723c751e8b465ee728b)  -> (artifact id: 'f15e104b657e7dff3335d9210ffccefc') in 0.015788 seconds 
  Import took 0.025599 seconds .

========================================================================
Received Import Request.
  Time since last request: 17.042289 seconds.
  path: Assets/Prefabs/Cup.prefab
  artifactKey: Guid(8c67d96a88477304998c60cefb4eb4c8) Importer(815301076,1909f56bfc062723c751e8b465ee728b)
Start importing Assets/Prefabs/Cup.prefab using Guid(8c67d96a88477304998c60cefb4eb4c8) Importer(815301076,1909f56bfc062723c751e8b465ee728b)  -> (artifact id: 'f2bcff9ff15d2274af0ded8e701022ed') in 0.016021 seconds 
  Import took 0.023961 seconds .

========================================================================
Received Import Request.
  Time since last request: 0.004342 seconds.
  path: Assets/Prefabs/Cup.prefab
  artifactKey: Guid(8c67d96a88477304998c60cefb4eb4c8) Importer(815301076,1909f56bfc062723c751e8b465ee728b)
Start importing Assets/Prefabs/Cup.prefab using Guid(8c67d96a88477304998c60cefb4eb4c8) Importer(815301076,1909f56bfc062723c751e8b465ee728b)  -> (artifact id: 'f2bcff9ff15d2274af0ded8e701022ed') in 0.012815 seconds 
  Import took 0.023809 seconds .

========================================================================
Received Import Request.
  Time since last request: 4.352530 seconds.
  path: Assets/Prefabs/Cup.prefab
  artifactKey: Guid(8c67d96a88477304998c60cefb4eb4c8) Importer(815301076,1909f56bfc062723c751e8b465ee728b)
Start importing Assets/Prefabs/Cup.prefab using Guid(8c67d96a88477304998c60cefb4eb4c8) Importer(815301076,1909f56bfc062723c751e8b465ee728b)  -> (artifact id: 'ca57c08f4437675fee9aaaa6ed328784') in 0.018593 seconds 
  Import took 0.025980 seconds .

========================================================================
Received Import Request.
  Time since last request: 0.004340 seconds.
  path: Assets/Prefabs/Cup.prefab
  artifactKey: Guid(8c67d96a88477304998c60cefb4eb4c8) Importer(815301076,1909f56bfc062723c751e8b465ee728b)
Start importing Assets/Prefabs/Cup.prefab using Guid(8c67d96a88477304998c60cefb4eb4c8) Importer(815301076,1909f56bfc062723c751e8b465ee728b)  -> (artifact id: 'ca57c08f4437675fee9aaaa6ed328784') in 0.014236 seconds 
  Import took 0.022900 seconds .

========================================================================
Received Prepare
Registering precompiled user dll's ...
Registered in 0.013502 seconds.
Begin MonoManager ReloadAssembly
Native extension for LinuxStandalone target not found
Native extension for WindowsStandalone target not found
Native extension for OSXStandalone target not found
Native extension for WebGL target not found
Refreshing native plugins compatible for Editor in 2.52 ms, found 2 plugins.
Preloading 0 native plugins for Editor in 0.00 ms.
Mono: successfully reloaded assembly
- Completed reload, in  2.565 seconds
Domain Reload Profiling:
	ReloadAssembly (2566ms)
		BeginReloadAssembly (216ms)
			ExecutionOrderSort (0ms)
			DisableScriptedObjects (11ms)
			BackupInstance (0ms)
			ReleaseScriptingObjects (0ms)
			CreateAndSetChildDomain (71ms)
		EndReloadAssembly (2251ms)
			LoadAssemblies (140ms)
			RebuildTransferFunctionScriptingTraits (0ms)
			SetupTypeCache (762ms)
			ReleaseScriptCaches (3ms)
			RebuildScriptCaches (102ms)
			SetupLoadedEditorAssemblies (944ms)
				LogAssemblyErrors (0ms)
				InitializePlatformSupportModulesInManaged (13ms)
				SetLoadedEditorAssemblies (1ms)
				RefreshPlugins (3ms)
				BeforeProcessingInitializeOnLoad (170ms)
				ProcessInitializeOnLoadAttributes (733ms)
				ProcessInitializeOnLoadMethodAttributes (9ms)
				AfterProcessingInitializeOnLoad (15ms)
				EditorAssembliesLoaded (0ms)
			ExecutionOrderSort2 (0ms)
			AwakeInstancesAfterBackupRestoration (30ms)
Platform modules already initialized, skipping
Refreshing native plugins compatible for Editor in 1.68 ms, found 2 plugins.
Preloading 0 native plugins for Editor in 0.00 ms.
Unloading 3508 Unused Serialized files (Serialized files now loaded: 0)
System memory in use before: 180.7 MB.
System memory in use after: 180.5 MB.

Unloading 27 unused Assets to reduce memory usage. Loaded Objects now: 4170.
Total: 6.250000 ms (FindLiveObjects: 0.609300 ms CreateObjectMapping: 0.343300 ms MarkObjects: 4.790100 ms  DeleteObjects: 0.504800 ms)

AssetImportParameters requested are different than current active one (requested -> active):
  custom:framework-win-MediaFoundation: 216162199b28c13a410421893ffa2e32 -> 
  custom:video-decoder-ogg-theora: a1e56fd34408186e4bbccfd4996cb3dc -> 
  custom:container-muxer-webm: aa71ff27fc2769a1b78a27578f13a17b -> 
  custom:container-demuxer-webm: 4f35f7cbe854078d1ac9338744f61a02 -> 
  custom:container-demuxer-ogg: 62fdf1f143b41e24485cea50d1cbac27 -> 
  custom:video-encoder-webm-vp8: eb34c28f22e8b96e1ab97ce403110664 -> 
  custom:video-codec-MediaFoundation-h265: 746d11721c4dcdbdad8f713fa42b33f4 -> 
  custom:video-decoder-webm-vp8: 9c59270c3fd7afecdb556c50c9e8de78 -> 
  custom:audio-decoder-ogg-vorbis: bf7c407c2cedff20999df2af8eb42d56 -> 
  custom:audio-encoder-webm-vorbis: bf7c407c2cedff20999df2af8eb42d56 -> 
========================================================================
Received Prepare
Registering precompiled user dll's ...
Registered in 0.011145 seconds.
Begin MonoManager ReloadAssembly
Native extension for LinuxStandalone target not found
Native extension for WindowsStandalone target not found
Native extension for OSXStandalone target not found
Native extension for WebGL target not found
Refreshing native plugins compatible for Editor in 2.41 ms, found 2 plugins.
Preloading 0 native plugins for Editor in 0.00 ms.
Mono: successfully reloaded assembly
- Completed reload, in  2.281 seconds
Domain Reload Profiling:
	ReloadAssembly (2282ms)
		BeginReloadAssembly (194ms)
			ExecutionOrderSort (0ms)
			DisableScriptedObjects (9ms)
			BackupInstance (0ms)
			ReleaseScriptingObjects (0ms)
			CreateAndSetChildDomain (65ms)
		EndReloadAssembly (1993ms)
			LoadAssemblies (162ms)
			RebuildTransferFunctionScriptingTraits (0ms)
			SetupTypeCache (613ms)
			ReleaseScriptCaches (2ms)
			RebuildScriptCaches (79ms)
			SetupLoadedEditorAssemblies (886ms)
				LogAssemblyErrors (0ms)
				InitializePlatformSupportModulesInManaged (16ms)
				SetLoadedEditorAssemblies (1ms)
				RefreshPlugins (3ms)
				BeforeProcessingInitializeOnLoad (165ms)
				ProcessInitializeOnLoadAttributes (680ms)
				ProcessInitializeOnLoadMethodAttributes (10ms)
				AfterProcessingInitializeOnLoad (11ms)
				EditorAssembliesLoaded (0ms)
			ExecutionOrderSort2 (0ms)
			AwakeInstancesAfterBackupRestoration (25ms)
Platform modules already initialized, skipping
Refreshing native plugins compatible for Editor in 1.92 ms, found 2 plugins.
Preloading 0 native plugins for Editor in 0.00 ms.
Unloading 3508 Unused Serialized files (Serialized files now loaded: 0)
System memory in use before: 180.8 MB.
System memory in use after: 180.6 MB.

Unloading 27 unused Assets to reduce memory usage. Loaded Objects now: 4172.
Total: 10.953800 ms (FindLiveObjects: 0.675100 ms CreateObjectMapping: 0.484400 ms MarkObjects: 9.170400 ms  DeleteObjects: 0.622000 ms)

AssetImportParameters requested are different than current active one (requested -> active):
  custom:framework-win-MediaFoundation: 216162199b28c13a410421893ffa2e32 -> 
  custom:video-decoder-ogg-theora: a1e56fd34408186e4bbccfd4996cb3dc -> 
  custom:container-muxer-webm: aa71ff27fc2769a1b78a27578f13a17b -> 
  custom:container-demuxer-webm: 4f35f7cbe854078d1ac9338744f61a02 -> 
  custom:container-demuxer-ogg: 62fdf1f143b41e24485cea50d1cbac27 -> 
  custom:video-encoder-webm-vp8: eb34c28f22e8b96e1ab97ce403110664 -> 
  custom:video-codec-MediaFoundation-h265: 746d11721c4dcdbdad8f713fa42b33f4 -> 
  custom:video-decoder-webm-vp8: 9c59270c3fd7afecdb556c50c9e8de78 -> 
  custom:audio-decoder-ogg-vorbis: bf7c407c2cedff20999df2af8eb42d56 -> 
  custom:audio-encoder-webm-vorbis: bf7c407c2cedff20999df2af8eb42d56 -> 
========================================================================
Received Import Request.
  Time since last request: 326.190438 seconds.
  path: Assets/Prefabs/Food/Pumpkin (3).prefab
  artifactKey: Guid(7476b07f5bbe7c64989dd1162cd9740c) Importer(815301076,1909f56bfc062723c751e8b465ee728b)
Start importing Assets/Prefabs/Food/Pumpkin (3).prefab using Guid(7476b07f5bbe7c64989dd1162cd9740c) Importer(815301076,1909f56bfc062723c751e8b465ee728b)  -> (artifact id: '16e3bf0fbc89d2dc81eb89fb2ceca1c7') in 15.311812 seconds 
  Import took 17.002670 seconds .

========================================================================
Received Import Request.
  Time since last request: 0.449315 seconds.
  path: Assets/Prefabs/Food/Pumpkin (3).prefab
  artifactKey: Guid(7476b07f5bbe7c64989dd1162cd9740c) Importer(815301076,1909f56bfc062723c751e8b465ee728b)
Start importing Assets/Prefabs/Food/Pumpkin (3).prefab using Guid(7476b07f5bbe7c64989dd1162cd9740c) Importer(815301076,1909f56bfc062723c751e8b465ee728b)  -> (artifact id: '94a37346f05539b2772db8a6ad35083a') in 0.020857 seconds 
  Import took 0.032131 seconds .

========================================================================
Received Import Request.
  Time since last request: 126.220544 seconds.
  path: Assets/Prefabs/Chair/Chair.prefab
  artifactKey: Guid(334126657ba9a8a4e8c932acbe0c5ed9) Importer(815301076,1909f56bfc062723c751e8b465ee728b)
Start importing Assets/Prefabs/Chair/Chair.prefab using Guid(334126657ba9a8a4e8c932acbe0c5ed9) Importer(815301076,1909f56bfc062723c751e8b465ee728b)  -> (artifact id: 'a191303bb3397b6f83f40bd3ef88d3ab') in 5.705519 seconds 
  Import took 11.205397 seconds .

========================================================================
Received Import Request.
  Time since last request: 0.007318 seconds.
  path: Assets/Prefabs/Chair/ChairManager.prefab
  artifactKey: Guid(095f9ef9a361cdd478e0b446f8e2b274) Importer(815301076,1909f56bfc062723c751e8b465ee728b)
Start importing Assets/Prefabs/Chair/ChairManager.prefab using Guid(095f9ef9a361cdd478e0b446f8e2b274) Importer(815301076,1909f56bfc062723c751e8b465ee728b)  -> (artifact id: '8fc0b9f22337a59ede412690d37637b9') in 0.277381 seconds 
  Import took 0.291451 seconds .

========================================================================
Received Import Request.
  Time since last request: 0.745122 seconds.
  path: Assets/Prefabs/Chair/Chair.prefab
  artifactKey: Guid(334126657ba9a8a4e8c932acbe0c5ed9) Importer(815301076,1909f56bfc062723c751e8b465ee728b)
Start importing Assets/Prefabs/Chair/Chair.prefab using Guid(334126657ba9a8a4e8c932acbe0c5ed9) Importer(815301076,1909f56bfc062723c751e8b465ee728b)  -> (artifact id: '600af2f2b4ccaf0579faf133f32e76c7') in 2.285677 seconds 
  Import took 2.315483 seconds .

========================================================================
Received Prepare
Registering precompiled user dll's ...
Registered in 0.010589 seconds.
Begin MonoManager ReloadAssembly
Native extension for LinuxStandalone target not found
Native extension for WindowsStandalone target not found
Native extension for OSXStandalone target not found
Native extension for WebGL target not found
Refreshing native plugins compatible for Editor in 1.27 ms, found 2 plugins.
Preloading 0 native plugins for Editor in 0.00 ms.
Mono: successfully reloaded assembly
- Completed reload, in 20.232 seconds
Domain Reload Profiling:
	ReloadAssembly (20233ms)
		BeginReloadAssembly (258ms)
			ExecutionOrderSort (0ms)
			DisableScriptedObjects (17ms)
			BackupInstance (0ms)
			ReleaseScriptingObjects (0ms)
			CreateAndSetChildDomain (102ms)
		EndReloadAssembly (19852ms)
			LoadAssemblies (233ms)
			RebuildTransferFunctionScriptingTraits (0ms)
			SetupTypeCache (743ms)
			ReleaseScriptCaches (2ms)
			RebuildScriptCaches (62ms)
			SetupLoadedEditorAssemblies (18481ms)
				LogAssemblyErrors (0ms)
				InitializePlatformSupportModulesInManaged (9ms)
				SetLoadedEditorAssemblies (1ms)
				RefreshPlugins (1ms)
				BeforeProcessingInitializeOnLoad (123ms)
				ProcessInitializeOnLoadAttributes (18322ms)
				ProcessInitializeOnLoadMethodAttributes (11ms)
				AfterProcessingInitializeOnLoad (14ms)
				EditorAssembliesLoaded (0ms)
			ExecutionOrderSort2 (0ms)
			AwakeInstancesAfterBackupRestoration (141ms)
Platform modules already initialized, skipping
Refreshing native plugins compatible for Editor in 1.33 ms, found 2 plugins.
Preloading 0 native plugins for Editor in 0.00 ms.
Unloading 3508 Unused Serialized files (Serialized files now loaded: 0)
System memory in use before: 181.0 MB.
System memory in use after: 180.8 MB.

Unloading 27 unused Assets to reduce memory usage. Loaded Objects now: 4211.
Total: 6.056300 ms (FindLiveObjects: 0.474000 ms CreateObjectMapping: 0.233500 ms MarkObjects: 4.883500 ms  DeleteObjects: 0.463600 ms)

AssetImportParameters requested are different than current active one (requested -> active):
  custom:framework-win-MediaFoundation: 216162199b28c13a410421893ffa2e32 -> 
  custom:video-decoder-ogg-theora: a1e56fd34408186e4bbccfd4996cb3dc -> 
  custom:container-muxer-webm: aa71ff27fc2769a1b78a27578f13a17b -> 
  custom:container-demuxer-webm: 4f35f7cbe854078d1ac9338744f61a02 -> 
  custom:container-demuxer-ogg: 62fdf1f143b41e24485cea50d1cbac27 -> 
  custom:video-encoder-webm-vp8: eb34c28f22e8b96e1ab97ce403110664 -> 
  custom:video-codec-MediaFoundation-h265: 746d11721c4dcdbdad8f713fa42b33f4 -> 
  custom:video-decoder-webm-vp8: 9c59270c3fd7afecdb556c50c9e8de78 -> 
  custom:audio-decoder-ogg-vorbis: bf7c407c2cedff20999df2af8eb42d56 -> 
  custom:audio-encoder-webm-vorbis: bf7c407c2cedff20999df2af8eb42d56 -> 
========================================================================
Received Import Request.
  Time since last request: 10666.131887 seconds.
  path: Assets/Models/egg.fbx
  artifactKey: Guid(47e725bc9aaff954995595d1363fbe7a) Importer(815301076,1909f56bfc062723c751e8b465ee728b)
Start importing Assets/Models/egg.fbx using Guid(47e725bc9aaff954995595d1363fbe7a) Importer(815301076,1909f56bfc062723c751e8b465ee728b)  -> (artifact id: 'be0a53f4baa5635f2a3545c76a65d11d') in 117.152186 seconds 
  Import took 130.620540 seconds .

========================================================================
Received Import Request.
  Time since last request: 136.610585 seconds.
  path: Assets/Prefabs/LevelBaseAssets (Deprecated).prefab
  artifactKey: Guid(d34673e30098fd94097288e82459ce1e) Importer(815301076,1909f56bfc062723c751e8b465ee728b)
Start importing Assets/Prefabs/LevelBaseAssets (Deprecated).prefab using Guid(d34673e30098fd94097288e82459ce1e) Importer(815301076,1909f56bfc062723c751e8b465ee728b)  -> (artifact id: 'f3736ccbe4b43e89d338711d53bb6c9c') in 0.282432 seconds 
  Import took 0.296749 seconds .

========================================================================
Received Import Request.
  Time since last request: 0.000518 seconds.
  path: Assets/Prefabs/LevelBaseAssets.prefab
  artifactKey: Guid(0865d9a73e0788a4d926cf347b80d861) Importer(815301076,1909f56bfc062723c751e8b465ee728b)
Start importing Assets/Prefabs/LevelBaseAssets.prefab using Guid(0865d9a73e0788a4d926cf347b80d861) Importer(815301076,1909f56bfc062723c751e8b465ee728b)  -> (artifact id: '944a4f668b64900b6b84366aac3bcb23') in 0.219413 seconds 
  Import took 0.232866 seconds .

========================================================================
Received Import Request.
  Time since last request: 6.108824 seconds.
  path: Assets/Prefabs/Food/Egg.prefab
  artifactKey: Guid(0f6d0aedc44786945b77fc62a018a1fb) Importer(815301076,1909f56bfc062723c751e8b465ee728b)
Start importing Assets/Prefabs/Food/Egg.prefab using Guid(0f6d0aedc44786945b77fc62a018a1fb) Importer(815301076,1909f56bfc062723c751e8b465ee728b)  -> (artifact id: '9f4a874a08e5c1e7b7637630467b9033') in 0.020927 seconds 
  Import took 0.029892 seconds .

========================================================================
Received Import Request.
  Time since last request: 0.011228 seconds.
  path: Assets/Prefabs/Food/Egg.prefab
  artifactKey: Guid(0f6d0aedc44786945b77fc62a018a1fb) Importer(815301076,1909f56bfc062723c751e8b465ee728b)
Start importing Assets/Prefabs/Food/Egg.prefab using Guid(0f6d0aedc44786945b77fc62a018a1fb) Importer(815301076,1909f56bfc062723c751e8b465ee728b)  -> (artifact id: '9f4a874a08e5c1e7b7637630467b9033') in 0.014814 seconds 
  Import took 0.025485 seconds .

========================================================================
Received Import Request.
  Time since last request: 64.468975 seconds.
  path: Assets/Prefabs/Food/eggs.prefab
  artifactKey: Guid(74728ac9f999bb74095020b6ba98ad2e) Importer(815301076,1909f56bfc062723c751e8b465ee728b)
Start importing Assets/Prefabs/Food/eggs.prefab using Guid(74728ac9f999bb74095020b6ba98ad2e) Importer(815301076,1909f56bfc062723c751e8b465ee728b)  -> (artifact id: 'b1aace61aa67322711b1f3ff61843477') in 0.055532 seconds 
  Import took 0.063832 seconds .

========================================================================
Received Import Request.
  Time since last request: 0.021820 seconds.
  path: Assets/Prefabs/Food/eggs.prefab
  artifactKey: Guid(74728ac9f999bb74095020b6ba98ad2e) Importer(815301076,1909f56bfc062723c751e8b465ee728b)
Start importing Assets/Prefabs/Food/eggs.prefab using Guid(74728ac9f999bb74095020b6ba98ad2e) Importer(815301076,1909f56bfc062723c751e8b465ee728b)  -> (artifact id: 'b1aace61aa67322711b1f3ff61843477') in 0.017724 seconds 
  Import took 0.027243 seconds .

========================================================================
Received Import Request.
  Time since last request: 14.672194 seconds.
  path: Assets/Prefabs/Food/Pumpkin (3).prefab
  artifactKey: Guid(7476b07f5bbe7c64989dd1162cd9740c) Importer(815301076,1909f56bfc062723c751e8b465ee728b)
Start importing Assets/Prefabs/Food/Pumpkin (3).prefab using Guid(7476b07f5bbe7c64989dd1162cd9740c) Importer(815301076,1909f56bfc062723c751e8b465ee728b)  -> (artifact id: 'e9854d800cb7f41a9e53c80cbc867170') in 0.017699 seconds 
  Import took 0.026529 seconds .

========================================================================
Received Import Request.
  Time since last request: 0.002729 seconds.
  path: Assets/Prefabs/Food/Pumpkin (3).prefab
  artifactKey: Guid(7476b07f5bbe7c64989dd1162cd9740c) Importer(815301076,1909f56bfc062723c751e8b465ee728b)
Start importing Assets/Prefabs/Food/Pumpkin (3).prefab using Guid(7476b07f5bbe7c64989dd1162cd9740c) Importer(815301076,1909f56bfc062723c751e8b465ee728b)  -> (artifact id: 'e9854d800cb7f41a9e53c80cbc867170') in 0.014181 seconds 
  Import took 0.022900 seconds .

========================================================================
Received Import Request.
  Time since last request: 3.732338 seconds.
  path: Assets/Prefabs/Food/Pumpkin (3).prefab
  artifactKey: Guid(7476b07f5bbe7c64989dd1162cd9740c) Importer(815301076,1909f56bfc062723c751e8b465ee728b)
Start importing Assets/Prefabs/Food/Pumpkin (3).prefab using Guid(7476b07f5bbe7c64989dd1162cd9740c) Importer(815301076,1909f56bfc062723c751e8b465ee728b)  -> (artifact id: '6ca69fdf9606cb9a9b84e8f048612b05') in 0.018575 seconds 
  Import took 0.026200 seconds .

========================================================================
Received Import Request.
  Time since last request: 0.003382 seconds.
  path: Assets/Prefabs/Food/Pumpkin (3).prefab
  artifactKey: Guid(7476b07f5bbe7c64989dd1162cd9740c) Importer(815301076,1909f56bfc062723c751e8b465ee728b)
Start importing Assets/Prefabs/Food/Pumpkin (3).prefab using Guid(7476b07f5bbe7c64989dd1162cd9740c) Importer(815301076,1909f56bfc062723c751e8b465ee728b)  -> (artifact id: '6ca69fdf9606cb9a9b84e8f048612b05') in 0.015665 seconds 
  Import took 0.025900 seconds .

========================================================================
Received Import Request.
  Time since last request: 5.927094 seconds.
  path: Assets/Prefabs/Food/Pumpkin (3).prefab
  artifactKey: Guid(7476b07f5bbe7c64989dd1162cd9740c) Importer(815301076,1909f56bfc062723c751e8b465ee728b)
Start importing Assets/Prefabs/Food/Pumpkin (3).prefab using Guid(7476b07f5bbe7c64989dd1162cd9740c) Importer(815301076,1909f56bfc062723c751e8b465ee728b)  -> (artifact id: 'b6389e7c2e1cc243386d71bb93e3bbd2') in 0.055467 seconds 
  Import took 0.069705 seconds .

========================================================================
Received Import Request.
  Time since last request: 0.012605 seconds.
  path: Assets/Prefabs/Food/Pumpkin (3).prefab
  artifactKey: Guid(7476b07f5bbe7c64989dd1162cd9740c) Importer(815301076,1909f56bfc062723c751e8b465ee728b)
Start importing Assets/Prefabs/Food/Pumpkin (3).prefab using Guid(7476b07f5bbe7c64989dd1162cd9740c) Importer(815301076,1909f56bfc062723c751e8b465ee728b)  -> (artifact id: 'b6389e7c2e1cc243386d71bb93e3bbd2') in 0.018227 seconds 
  Import took 0.028547 seconds .

========================================================================
Received Import Request.
  Time since last request: 5.009146 seconds.
  path: Assets/Prefabs/Food/Pumpkin (3).prefab
  artifactKey: Guid(7476b07f5bbe7c64989dd1162cd9740c) Importer(815301076,1909f56bfc062723c751e8b465ee728b)
Start importing Assets/Prefabs/Food/Pumpkin (3).prefab using Guid(7476b07f5bbe7c64989dd1162cd9740c) Importer(815301076,1909f56bfc062723c751e8b465ee728b)  -> (artifact id: '2ab5f1c863135a4d622e7e66b4f6a37a') in 0.015732 seconds 
  Import took 0.024694 seconds .

========================================================================
Received Import Request.
  Time since last request: 0.010368 seconds.
  path: Assets/Prefabs/Food/Pumpkin (3).prefab
  artifactKey: Guid(7476b07f5bbe7c64989dd1162cd9740c) Importer(815301076,1909f56bfc062723c751e8b465ee728b)
Start importing Assets/Prefabs/Food/Pumpkin (3).prefab using Guid(7476b07f5bbe7c64989dd1162cd9740c) Importer(815301076,1909f56bfc062723c751e8b465ee728b)  -> (artifact id: '2ab5f1c863135a4d622e7e66b4f6a37a') in 0.015017 seconds 
  Import took 0.024883 seconds .

========================================================================
Received Import Request.
  Time since last request: 5.964099 seconds.
  path: Assets/Prefabs/Food/Pumpkin (3).prefab
  artifactKey: Guid(7476b07f5bbe7c64989dd1162cd9740c) Importer(815301076,1909f56bfc062723c751e8b465ee728b)
Start importing Assets/Prefabs/Food/Pumpkin (3).prefab using Guid(7476b07f5bbe7c64989dd1162cd9740c) Importer(815301076,1909f56bfc062723c751e8b465ee728b)  -> (artifact id: 'e8c2e5f0dbfe3cf974bc6587ddf701d4') in 0.018265 seconds 
  Import took 0.025785 seconds .

========================================================================
Received Import Request.
  Time since last request: 0.004618 seconds.
  path: Assets/Prefabs/Food/Pumpkin (3).prefab
  artifactKey: Guid(7476b07f5bbe7c64989dd1162cd9740c) Importer(815301076,1909f56bfc062723c751e8b465ee728b)
Start importing Assets/Prefabs/Food/Pumpkin (3).prefab using Guid(7476b07f5bbe7c64989dd1162cd9740c) Importer(815301076,1909f56bfc062723c751e8b465ee728b)  -> (artifact id: 'e8c2e5f0dbfe3cf974bc6587ddf701d4') in 0.015168 seconds 
  Import took 0.025412 seconds .

========================================================================
Received Import Request.
  Time since last request: 6.330118 seconds.
  path: Assets/Prefabs/Food/Pumpkin (3).prefab
  artifactKey: Guid(7476b07f5bbe7c64989dd1162cd9740c) Importer(815301076,1909f56bfc062723c751e8b465ee728b)
Start importing Assets/Prefabs/Food/Pumpkin (3).prefab using Guid(7476b07f5bbe7c64989dd1162cd9740c) Importer(815301076,1909f56bfc062723c751e8b465ee728b)  -> (artifact id: 'ae90d4670474cfd1572cf19d6842a48a') in 0.049079 seconds 
  Import took 0.056473 seconds .

========================================================================
Received Import Request.
  Time since last request: 0.026158 seconds.
  path: Assets/Prefabs/Food/Pumpkin (3).prefab
  artifactKey: Guid(7476b07f5bbe7c64989dd1162cd9740c) Importer(815301076,1909f56bfc062723c751e8b465ee728b)
Start importing Assets/Prefabs/Food/Pumpkin (3).prefab using Guid(7476b07f5bbe7c64989dd1162cd9740c) Importer(815301076,1909f56bfc062723c751e8b465ee728b)  -> (artifact id: 'ae90d4670474cfd1572cf19d6842a48a') in 0.016110 seconds 
  Import took 0.024316 seconds .

========================================================================
Received Prepare
Registering precompiled user dll's ...
Registered in 0.010238 seconds.
Begin MonoManager ReloadAssembly
Native extension for LinuxStandalone target not found
Native extension for WindowsStandalone target not found
Native extension for OSXStandalone target not found
Native extension for WebGL target not found
Refreshing native plugins compatible for Editor in 1.45 ms, found 2 plugins.
Preloading 0 native plugins for Editor in 0.00 ms.
Mono: successfully reloaded assembly
- Completed reload, in  2.636 seconds
Domain Reload Profiling:
	ReloadAssembly (2637ms)
		BeginReloadAssembly (259ms)
			ExecutionOrderSort (0ms)
			DisableScriptedObjects (13ms)
			BackupInstance (0ms)
			ReleaseScriptingObjects (0ms)
			CreateAndSetChildDomain (130ms)
		EndReloadAssembly (2282ms)
			LoadAssemblies (182ms)
			RebuildTransferFunctionScriptingTraits (0ms)
			SetupTypeCache (752ms)
			ReleaseScriptCaches (3ms)
			RebuildScriptCaches (81ms)
			SetupLoadedEditorAssemblies (975ms)
				LogAssemblyErrors (0ms)
				InitializePlatformSupportModulesInManaged (14ms)
				SetLoadedEditorAssemblies (1ms)
				RefreshPlugins (2ms)
				BeforeProcessingInitializeOnLoad (180ms)
				ProcessInitializeOnLoadAttributes (756ms)
				ProcessInitializeOnLoadMethodAttributes (12ms)
				AfterProcessingInitializeOnLoad (10ms)
				EditorAssembliesLoaded (1ms)
			ExecutionOrderSort2 (0ms)
			AwakeInstancesAfterBackupRestoration (33ms)
Platform modules already initialized, skipping
Refreshing native plugins compatible for Editor in 2.17 ms, found 2 plugins.
Preloading 0 native plugins for Editor in 0.00 ms.
Unloading 3508 Unused Serialized files (Serialized files now loaded: 0)
System memory in use before: 182.3 MB.
System memory in use after: 182.1 MB.

Unloading 31 unused Assets to reduce memory usage. Loaded Objects now: 4286.
Total: 9.559900 ms (FindLiveObjects: 0.547800 ms CreateObjectMapping: 0.308600 ms MarkObjects: 7.881800 ms  DeleteObjects: 0.820000 ms)

AssetImportParameters requested are different than current active one (requested -> active):
  custom:framework-win-MediaFoundation: 216162199b28c13a410421893ffa2e32 -> 
  custom:video-decoder-ogg-theora: a1e56fd34408186e4bbccfd4996cb3dc -> 
  custom:container-muxer-webm: aa71ff27fc2769a1b78a27578f13a17b -> 
  custom:container-demuxer-webm: 4f35f7cbe854078d1ac9338744f61a02 -> 
  custom:container-demuxer-ogg: 62fdf1f143b41e24485cea50d1cbac27 -> 
  custom:video-encoder-webm-vp8: eb34c28f22e8b96e1ab97ce403110664 -> 
  custom:video-codec-MediaFoundation-h265: 746d11721c4dcdbdad8f713fa42b33f4 -> 
  custom:video-decoder-webm-vp8: 9c59270c3fd7afecdb556c50c9e8de78 -> 
  custom:audio-decoder-ogg-vorbis: bf7c407c2cedff20999df2af8eb42d56 -> 
  custom:audio-encoder-webm-vorbis: bf7c407c2cedff20999df2af8eb42d56 -> 
========================================================================
Received Prepare
Registering precompiled user dll's ...
Registered in 0.013015 seconds.
Begin MonoManager ReloadAssembly
Native extension for LinuxStandalone target not found
Native extension for WindowsStandalone target not found
Native extension for OSXStandalone target not found
Native extension for WebGL target not found
Refreshing native plugins compatible for Editor in 2.04 ms, found 2 plugins.
Preloading 0 native plugins for Editor in 0.00 ms.
Mono: successfully reloaded assembly
- Completed reload, in 129.900 seconds
Domain Reload Profiling:
	ReloadAssembly (129901ms)
		BeginReloadAssembly (20282ms)
			ExecutionOrderSort (0ms)
			DisableScriptedObjects (7ms)
			BackupInstance (0ms)
			ReleaseScriptingObjects (0ms)
			CreateAndSetChildDomain (73ms)
		EndReloadAssembly (100050ms)
			LoadAssemblies (32648ms)
			RebuildTransferFunctionScriptingTraits (0ms)
			SetupTypeCache (81157ms)
			ReleaseScriptCaches (2ms)
			RebuildScriptCaches (107ms)
			SetupLoadedEditorAssemblies (1048ms)
				LogAssemblyErrors (0ms)
				InitializePlatformSupportModulesInManaged (20ms)
				SetLoadedEditorAssemblies (1ms)
				RefreshPlugins (2ms)
				BeforeProcessingInitializeOnLoad (208ms)
				ProcessInitializeOnLoadAttributes (796ms)
				ProcessInitializeOnLoadMethodAttributes (11ms)
				AfterProcessingInitializeOnLoad (10ms)
				EditorAssembliesLoaded (0ms)
			ExecutionOrderSort2 (0ms)
			AwakeInstancesAfterBackupRestoration (34ms)
Platform modules already initialized, skipping
Refreshing native plugins compatible for Editor in 1.59 ms, found 2 plugins.
Preloading 0 native plugins for Editor in 0.00 ms.
Unloading 3508 Unused Serialized files (Serialized files now loaded: 0)
System memory in use before: 182.3 MB.
System memory in use after: 182.1 MB.

Unloading 27 unused Assets to reduce memory usage. Loaded Objects now: 4288.
Total: 14.513300 ms (FindLiveObjects: 1.408700 ms CreateObjectMapping: 1.002600 ms MarkObjects: 10.757300 ms  DeleteObjects: 1.340800 ms)

AssetImportParameters requested are different than current active one (requested -> active):
  custom:framework-win-MediaFoundation: 216162199b28c13a410421893ffa2e32 -> 
  custom:video-decoder-ogg-theora: a1e56fd34408186e4bbccfd4996cb3dc -> 
  custom:container-muxer-webm: aa71ff27fc2769a1b78a27578f13a17b -> 
  custom:container-demuxer-webm: 4f35f7cbe854078d1ac9338744f61a02 -> 
  custom:container-demuxer-ogg: 62fdf1f143b41e24485cea50d1cbac27 -> 
  custom:video-encoder-webm-vp8: eb34c28f22e8b96e1ab97ce403110664 -> 
  custom:video-codec-MediaFoundation-h265: 746d11721c4dcdbdad8f713fa42b33f4 -> 
  custom:video-decoder-webm-vp8: 9c59270c3fd7afecdb556c50c9e8de78 -> 
  custom:audio-decoder-ogg-vorbis: bf7c407c2cedff20999df2af8eb42d56 -> 
  custom:audio-encoder-webm-vorbis: bf7c407c2cedff20999df2af8eb42d56 -> 
========================================================================
Received Import Request.
  Time since last request: 481.739350 seconds.
  path: Assets/BrokenVector/LowPolyRoadPack/Materials/Car Colorscheme 1.mat
  artifactKey: Guid(3889c423b8feed645aeba90d0e940408) Importer(815301076,1909f56bfc062723c751e8b465ee728b)
Start importing Assets/BrokenVector/LowPolyRoadPack/Materials/Car Colorscheme 1.mat using Guid(3889c423b8feed645aeba90d0e940408) Importer(815301076,1909f56bfc062723c751e8b465ee728b)  -> (artifact id: '7964518033bcdc5e0dcde88ebca9b7ff') in 63.743918 seconds 
  Import took 64.242854 seconds .

========================================================================
Received Import Request.
  Time since last request: 0.116758 seconds.
  path: Assets/Prefabs/Food/Pumpkin-Slice1.prefab
  artifactKey: Guid(a721af3e4d62d234a938a1f12e895e08) Importer(815301076,1909f56bfc062723c751e8b465ee728b)
Start importing Assets/Prefabs/Food/Pumpkin-Slice1.prefab using Guid(a721af3e4d62d234a938a1f12e895e08) Importer(815301076,1909f56bfc062723c751e8b465ee728b)  -> (artifact id: '1185979e7ac4281a949f80ae1907d238') in 0.350258 seconds 
  Import took 3.618323 seconds .

========================================================================
Received Import Request.
  Time since last request: 0.116442 seconds.
  path: Assets/Prefabs/Food/Pumpkin-Slice1.prefab
  artifactKey: Guid(a721af3e4d62d234a938a1f12e895e08) Importer(815301076,1909f56bfc062723c751e8b465ee728b)
Start importing Assets/Prefabs/Food/Pumpkin-Slice1.prefab using Guid(a721af3e4d62d234a938a1f12e895e08) Importer(815301076,1909f56bfc062723c751e8b465ee728b)  -> (artifact id: '1185979e7ac4281a949f80ae1907d238') in 7.635098 seconds 
  Import took 13.349727 seconds .

========================================================================
Received Import Request.
  Time since last request: 0.000431 seconds.
  path: Assets/Prefabs/Food/Apple.prefab
  artifactKey: Guid(9b0de44c3ec1b0749a2c77db3552235b) Importer(815301076,1909f56bfc062723c751e8b465ee728b)
Start importing Assets/Prefabs/Food/Apple.prefab using Guid(9b0de44c3ec1b0749a2c77db3552235b) Importer(815301076,1909f56bfc062723c751e8b465ee728b)  -> (artifact id: 'd71bc337b87cc3f0e8678d8475488013') in 7.586587 seconds 
  Import took 7.600756 seconds .

========================================================================
Received Import Request.
  Time since last request: 0.000305 seconds.
  path: Assets/Prefabs/Food/Apple.prefab
  artifactKey: Guid(9b0de44c3ec1b0749a2c77db3552235b) Importer(815301076,1909f56bfc062723c751e8b465ee728b)
Start importing Assets/Prefabs/Food/Apple.prefab using Guid(9b0de44c3ec1b0749a2c77db3552235b) Importer(815301076,1909f56bfc062723c751e8b465ee728b)  -> (artifact id: 'dd75ca7a6f815e9b82fbcb7bd4e4b1ed') in 0.039214 seconds 
  Import took 0.057809 seconds .

========================================================================
Received Import Request.
  Time since last request: 0.000555 seconds.
  path: Assets/Prefabs/Food/Apple Slice.prefab
  artifactKey: Guid(17d4b40646d6c99449f4890eb45658c7) Importer(815301076,1909f56bfc062723c751e8b465ee728b)
Start importing Assets/Prefabs/Food/Apple Slice.prefab using Guid(17d4b40646d6c99449f4890eb45658c7) Importer(815301076,1909f56bfc062723c751e8b465ee728b)  -> (artifact id: '018e8c3e7b629050bffd58002b7c282c') in 0.962871 seconds 
  Import took 0.980481 seconds .

========================================================================
Received Import Request.
  Time since last request: 2.955430 seconds.
  path: Assets/Prefabs/Food/Apple.prefab
  artifactKey: Guid(9b0de44c3ec1b0749a2c77db3552235b) Importer(815301076,1909f56bfc062723c751e8b465ee728b)
Start importing Assets/Prefabs/Food/Apple.prefab using Guid(9b0de44c3ec1b0749a2c77db3552235b) Importer(815301076,1909f56bfc062723c751e8b465ee728b)  -> (artifact id: '4d723f4be440f6d2474038b994045a83') in 12.779886 seconds 
  Import took 17.578793 seconds .

========================================================================
Received Import Request.
  Time since last request: 0.299107 seconds.
  path: Assets/Prefabs/Food/Apple.prefab
  artifactKey: Guid(9b0de44c3ec1b0749a2c77db3552235b) Importer(815301076,1909f56bfc062723c751e8b465ee728b)
Start importing Assets/Prefabs/Food/Apple.prefab using Guid(9b0de44c3ec1b0749a2c77db3552235b) Importer(815301076,1909f56bfc062723c751e8b465ee728b)  -> (artifact id: '5e148519184e2f4c0315b063074f6c63') in 5.020876 seconds 
  Import took 5.498977 seconds .

========================================================================
Received Import Request.
  Time since last request: 304.918623 seconds.
  path: Assets/Prefabs/Food/Raw ApplePie.prefab
  artifactKey: Guid(695953102ee68214aab9fca0dd58ddc6) Importer(815301076,1909f56bfc062723c751e8b465ee728b)
Start importing Assets/Prefabs/Food/Raw ApplePie.prefab using Guid(695953102ee68214aab9fca0dd58ddc6) Importer(815301076,1909f56bfc062723c751e8b465ee728b)  -> (artifact id: '4b42cb6026b37fc9af0ff25f305e6988') in 4.004385 seconds 
  Import took 4.070297 seconds .

========================================================================
Received Import Request.
  Time since last request: 75.560703 seconds.
  path: Assets/Prefabs/Food/Raw Pumpkin Pie.prefab
  artifactKey: Guid(5f183596e0c59d74ba8b6c843abd761c) Importer(815301076,1909f56bfc062723c751e8b465ee728b)
Start importing Assets/Prefabs/Food/Raw Pumpkin Pie.prefab using Guid(5f183596e0c59d74ba8b6c843abd761c) Importer(815301076,1909f56bfc062723c751e8b465ee728b)  -> (artifact id: '7823916c48c318e865ae128119ba853e') in 8.418583 seconds 
  Import took 20.310412 seconds .

========================================================================
Received Import Request.
  Time since last request: 0.018241 seconds.
  path: Assets/Prefabs/Food/Raw Pumpkin Pie.prefab
  artifactKey: Guid(5f183596e0c59d74ba8b6c843abd761c) Importer(815301076,1909f56bfc062723c751e8b465ee728b)
Start importing Assets/Prefabs/Food/Raw Pumpkin Pie.prefab using Guid(5f183596e0c59d74ba8b6c843abd761c) Importer(815301076,1909f56bfc062723c751e8b465ee728b)  -> (artifact id: '7823916c48c318e865ae128119ba853e') in 17.059671 seconds 
  Import took 17.087404 seconds .

========================================================================
Received Import Request.
  Time since last request: 0.000310 seconds.
  path: Assets/Prefabs/Food/AJM_-_Pie.prefab
  artifactKey: Guid(564403f4e147d1540a1f1a059f8b0bfd) Importer(815301076,1909f56bfc062723c751e8b465ee728b)
Start importing Assets/Prefabs/Food/AJM_-_Pie.prefab using Guid(564403f4e147d1540a1f1a059f8b0bfd) Importer(815301076,1909f56bfc062723c751e8b465ee728b)  -> (artifact id: 'b5d5ddeec092f1ebb0425ecbfaf83852') in 0.864498 seconds 
  Import took 4.144076 seconds .

========================================================================
Received Import Request.
  Time since last request: 1.375207 seconds.
  path: Assets/Prefabs/Food/Raw ApplePie.prefab
  artifactKey: Guid(695953102ee68214aab9fca0dd58ddc6) Importer(815301076,1909f56bfc062723c751e8b465ee728b)
Start importing Assets/Prefabs/Food/Raw ApplePie.prefab using Guid(695953102ee68214aab9fca0dd58ddc6) Importer(815301076,1909f56bfc062723c751e8b465ee728b)  -> (artifact id: '2db6f56bab2675959ca8dbcd3c7ca132') in 5.570095 seconds 
  Import took 11.197758 seconds .

========================================================================
Received Import Request.
  Time since last request: 52.372545 seconds.
  path: Assets/Prefabs/Food/Raw Cake.prefab
  artifactKey: Guid(b4e339448e8545c4cb5845b473abce58) Importer(815301076,1909f56bfc062723c751e8b465ee728b)
Start importing Assets/Prefabs/Food/Raw Cake.prefab using Guid(b4e339448e8545c4cb5845b473abce58) Importer(815301076,1909f56bfc062723c751e8b465ee728b)  -> (artifact id: '7a4e0be8000a04fcf45f037a2cdace45') in 1.348909 seconds 
  Import took 6.874042 seconds .

AssetImportWorkerClient::OnTransportError - code=2 error=End of file
