Using pre-set license
Built from '2020.3/staging' branch; Version is '2020.3.17f1 (a4537701e4ab) revision 10769271'; Using compiler version '192528614'; Build Type 'Release'
OS: 'Windows 10 Home; OS build 19042.1237; Version 2009; 64bit' Language: 'en' Physical Memory: 16272 MB
BatchMode: 1, IsHumanControllingUs: 0, StartBugReporterOnCrash: 0, Is64bit: 1, IsPro: 0

COMMAND LINE ARGUMENTS:
C:\Users\Mark\Documents\2020.3.17f1\Editor\Unity.exe
-adb2
-batchMode
-noUpm
-name
AssetImportWorker0
-projectPath
C:/Users/Mark/Documents/AutumnGameJam/Autumn Cafe
-logFile
Logs/AssetImportWorker0.log
-srvPort
59570
Successfully changed project path to: C:/Users/Mark/Documents/AutumnGameJam/Autumn Cafe
C:/Users/Mark/Documents/AutumnGameJam/Autumn Cafe
Using Asset Import Pipeline V2.
Refreshing native plugins compatible for Editor in 148.71 ms, found 2 plugins.
Preloading 0 native plugins for Editor in 0.00 ms.
Initialize engine version: 2020.3.17f1 (a4537701e4ab)
[Subsystems] Discovering subsystems at path C:/Users/Mark/Documents/2020.3.17f1/Editor/Data/Resources/UnitySubsystems
[Subsystems] Discovering subsystems at path C:/Users/Mark/Documents/AutumnGameJam/Autumn Cafe/Assets
GfxDevice: creating device client; threaded=0
Direct3D:
    Version:  Direct3D 11.0 [level 11.1]
    Renderer: NVIDIA GeForce GTX 1050 Ti (ID=0x1c8c)
    Vendor:   
    VRAM:     4018 MB
    Driver:   30.0.14.7196
Initialize mono
Mono path[0] = 'C:/Users/Mark/Documents/2020.3.17f1/Editor/Data/Managed'
Mono path[1] = 'C:/Users/Mark/Documents/2020.3.17f1/Editor/Data/MonoBleedingEdge/lib/mono/unityjit'
Mono config path = 'C:/Users/Mark/Documents/2020.3.17f1/Editor/Data/MonoBleedingEdge/etc'
Using monoOptions --debugger-agent=transport=dt_socket,embedding=1,server=y,suspend=n,address=127.0.0.1:56444
Begin MonoManager ReloadAssembly
Registering precompiled unity dll's ...
Register platform support module: C:/Users/Mark/Documents/2020.3.17f1/Editor/Data/PlaybackEngines/WebGLSupport/UnityEditor.WebGL.Extensions.dll
Register platform support module: C:/Users/Mark/Documents/2020.3.17f1/Editor/Data/PlaybackEngines/MacStandaloneSupport/UnityEditor.OSXStandalone.Extensions.dll
Register platform support module: C:/Users/Mark/Documents/2020.3.17f1/Editor/Data/PlaybackEngines/WindowsStandaloneSupport/UnityEditor.WindowsStandalone.Extensions.dll
Register platform support module: C:/Users/Mark/Documents/2020.3.17f1/Editor/Data/PlaybackEngines/LinuxStandaloneSupport/UnityEditor.LinuxStandalone.Extensions.dll
Registered in 0.007548 seconds.
Native extension for LinuxStandalone target not found
Native extension for WindowsStandalone target not found
Native extension for OSXStandalone target not found
Native extension for WebGL target not found
Refreshing native plugins compatible for Editor in 129.19 ms, found 2 plugins.
Preloading 0 native plugins for Editor in 0.00 ms.
Mono: successfully reloaded assembly
- Completed reload, in  2.125 seconds
Domain Reload Profiling:
	ReloadAssembly (2125ms)
		BeginReloadAssembly (88ms)
			ExecutionOrderSort (0ms)
			DisableScriptedObjects (0ms)
			BackupInstance (0ms)
			ReleaseScriptingObjects (0ms)
			CreateAndSetChildDomain (1ms)
		EndReloadAssembly (795ms)
			LoadAssemblies (87ms)
			RebuildTransferFunctionScriptingTraits (0ms)
			SetupTypeCache (262ms)
			ReleaseScriptCaches (0ms)
			RebuildScriptCaches (47ms)
			SetupLoadedEditorAssemblies (354ms)
				LogAssemblyErrors (0ms)
				InitializePlatformSupportModulesInManaged (9ms)
				SetLoadedEditorAssemblies (0ms)
				RefreshPlugins (129ms)
				BeforeProcessingInitializeOnLoad (28ms)
				ProcessInitializeOnLoadAttributes (140ms)
				ProcessInitializeOnLoadMethodAttributes (48ms)
				AfterProcessingInitializeOnLoad (0ms)
				EditorAssembliesLoaded (0ms)
			ExecutionOrderSort2 (0ms)
			AwakeInstancesAfterBackupRestoration (0ms)
Platform modules already initialized, skipping
Registering precompiled user dll's ...
Registered in 0.014028 seconds.
Begin MonoManager ReloadAssembly
Native extension for LinuxStandalone target not found
Native extension for WindowsStandalone target not found
Native extension for OSXStandalone target not found
Native extension for WebGL target not found
Refreshing native plugins compatible for Editor in 150.34 ms, found 2 plugins.
Preloading 0 native plugins for Editor in 0.00 ms.
Mono: successfully reloaded assembly
- Completed reload, in  2.482 seconds
Domain Reload Profiling:
	ReloadAssembly (2483ms)
		BeginReloadAssembly (216ms)
			ExecutionOrderSort (0ms)
			DisableScriptedObjects (8ms)
			BackupInstance (0ms)
			ReleaseScriptingObjects (0ms)
			CreateAndSetChildDomain (29ms)
		EndReloadAssembly (2164ms)
			LoadAssemblies (199ms)
			RebuildTransferFunctionScriptingTraits (0ms)
			SetupTypeCache (617ms)
			ReleaseScriptCaches (1ms)
			RebuildScriptCaches (98ms)
			SetupLoadedEditorAssemblies (1066ms)
				LogAssemblyErrors (0ms)
				InitializePlatformSupportModulesInManaged (8ms)
				SetLoadedEditorAssemblies (0ms)
				RefreshPlugins (151ms)
				BeforeProcessingInitializeOnLoad (143ms)
				ProcessInitializeOnLoadAttributes (747ms)
				ProcessInitializeOnLoadMethodAttributes (6ms)
				AfterProcessingInitializeOnLoad (11ms)
				EditorAssembliesLoaded (0ms)
			ExecutionOrderSort2 (0ms)
			AwakeInstancesAfterBackupRestoration (10ms)
Platform modules already initialized, skipping
========================================================================
Worker process is ready to serve import requests
Launched and connected shader compiler UnityShaderCompiler.exe after 0.09 seconds
Refreshing native plugins compatible for Editor in 1.18 ms, found 2 plugins.
Preloading 0 native plugins for Editor in 0.00 ms.
Unloading 3673 Unused Serialized files (Serialized files now loaded: 0)
System memory in use before: 188.7 MB.
System memory in use after: 188.5 MB.

Unloading 32 unused Assets to reduce memory usage. Loaded Objects now: 4123.
Total: 6.574500 ms (FindLiveObjects: 0.569600 ms CreateObjectMapping: 1.340100 ms MarkObjects: 4.226800 ms  DeleteObjects: 0.436600 ms)

AssetImportParameters requested are different than current active one (requested -> active):
  custom:framework-win-MediaFoundation: 216162199b28c13a410421893ffa2e32 -> 
  custom:video-decoder-ogg-theora: a1e56fd34408186e4bbccfd4996cb3dc -> 
  custom:container-muxer-webm: aa71ff27fc2769a1b78a27578f13a17b -> 
  custom:container-demuxer-webm: 4f35f7cbe854078d1ac9338744f61a02 -> 
  custom:container-demuxer-ogg: 62fdf1f143b41e24485cea50d1cbac27 -> 
  custom:video-encoder-webm-vp8: eb34c28f22e8b96e1ab97ce403110664 -> 
  custom:video-codec-MediaFoundation-h265: 746d11721c4dcdbdad8f713fa42b33f4 -> 
  custom:video-decoder-webm-vp8: 9c59270c3fd7afecdb556c50c9e8de78 -> 
  custom:audio-decoder-ogg-vorbis: bf7c407c2cedff20999df2af8eb42d56 -> 
  custom:audio-encoder-webm-vorbis: bf7c407c2cedff20999df2af8eb42d56 -> 
========================================================================
Received Import Request.
  path: Assets/GUI PRO Kit - Fantasy RPG/Prefabs/Prefabs_Component_Buttons/Button_Circle01_Red.prefab
  artifactKey: Guid(7014b5a219df84cbd97ef7bd5830de3b) Importer(815301076,1909f56bfc062723c751e8b465ee728b)
Start importing Assets/GUI PRO Kit - Fantasy RPG/Prefabs/Prefabs_Component_Buttons/Button_Circle01_Red.prefab using Guid(7014b5a219df84cbd97ef7bd5830de3b) Importer(815301076,1909f56bfc062723c751e8b465ee728b)  -> (artifact id: '6ba5aa2359459c89a6319551806afa85') in 0.099797 seconds 
  Import took 0.106491 seconds .

========================================================================
Received Import Request.
  Time since last request: 0.000348 seconds.
  path: Assets/SimpleTown/Prefabs/Buildings/Building_Shop_05.prefab
  artifactKey: Guid(a57f2a3f27562464e869aefe6954871b) Importer(815301076,1909f56bfc062723c751e8b465ee728b)
Start importing Assets/SimpleTown/Prefabs/Buildings/Building_Shop_05.prefab using Guid(a57f2a3f27562464e869aefe6954871b) Importer(815301076,1909f56bfc062723c751e8b465ee728b)  -> (artifact id: 'fa65af8b42ced362d050df4b08427efb') in 0.236375 seconds 
  Import took 0.246085 seconds .

========================================================================
Received Import Request.
  Time since last request: 0.000358 seconds.
  path: Assets/GUI PRO Kit - Fantasy RPG/Prefabs/Prefabs_Component_Buttons/Button_Circle01_Blue.prefab
  artifactKey: Guid(1b5c3342956ea4f2391c4e10ce034478) Importer(815301076,1909f56bfc062723c751e8b465ee728b)
Start importing Assets/GUI PRO Kit - Fantasy RPG/Prefabs/Prefabs_Component_Buttons/Button_Circle01_Blue.prefab using Guid(1b5c3342956ea4f2391c4e10ce034478) Importer(815301076,1909f56bfc062723c751e8b465ee728b)  -> (artifact id: 'b9ea1ea15b110ab37fbd7ad3625f9bd9') in 0.025071 seconds 
  Import took 0.032309 seconds .

========================================================================
Received Import Request.
  Time since last request: 0.000331 seconds.
  path: Assets/Models/egg.fbx
  artifactKey: Guid(47e725bc9aaff954995595d1363fbe7a) Importer(815301076,1909f56bfc062723c751e8b465ee728b)
Start importing Assets/Models/egg.fbx using Guid(47e725bc9aaff954995595d1363fbe7a) Importer(815301076,1909f56bfc062723c751e8b465ee728b)  -> (artifact id: 'f1c65381568ad2facff9a7baebb7c016') in 0.095636 seconds 
  Import took 0.101410 seconds .

========================================================================
Received Import Request.
  Time since last request: 0.000369 seconds.
  path: Assets/Ink/Demos/Basic Demo/Prefabs/Button.prefab
  artifactKey: Guid(37c108a6c38964f79a6621eccb33ddc1) Importer(815301076,1909f56bfc062723c751e8b465ee728b)
Start importing Assets/Ink/Demos/Basic Demo/Prefabs/Button.prefab using Guid(37c108a6c38964f79a6621eccb33ddc1) Importer(815301076,1909f56bfc062723c751e8b465ee728b)  -> (artifact id: 'fa663c6c6ba7e161a6ffb1241369eabf') in 0.017689 seconds 
  Import took 0.024040 seconds .

========================================================================
Received Import Request.
  Time since last request: 0.000358 seconds.
  path: Assets/GUI PRO Kit - Fantasy RPG/Prefabs/Prefabs_Component_Buttons/Button_Rectangle01-Group.prefab
  artifactKey: Guid(7b5346a28de194b5dbfef09d38fed5c6) Importer(815301076,1909f56bfc062723c751e8b465ee728b)
Start importing Assets/GUI PRO Kit - Fantasy RPG/Prefabs/Prefabs_Component_Buttons/Button_Rectangle01-Group.prefab using Guid(7b5346a28de194b5dbfef09d38fed5c6) Importer(815301076,1909f56bfc062723c751e8b465ee728b)  -> (artifact id: 'cf534035af6fe00855d8f814e9b9308d') in 0.122482 seconds 
  Import took 0.130946 seconds .

========================================================================
Received Import Request.
  Time since last request: 0.000396 seconds.
  path: Assets/SimpleTown/Models/Building_Shop_02.fbx
  artifactKey: Guid(f826f14373faa1b46b90e0262b9a2b20) Importer(815301076,1909f56bfc062723c751e8b465ee728b)
Start importing Assets/SimpleTown/Models/Building_Shop_02.fbx using Guid(f826f14373faa1b46b90e0262b9a2b20) Importer(815301076,1909f56bfc062723c751e8b465ee728b)  -> (artifact id: '5dc7e754345f52b871307f6956946ebd') in 0.024458 seconds 
  Import took 0.033437 seconds .

========================================================================
Received Import Request.
  Time since last request: 0.000425 seconds.
  path: Assets/SimpleTown/Prefabs/Buildings/Building_House_Red.prefab
  artifactKey: Guid(19da28f31e452744c9297f3b66231f26) Importer(815301076,1909f56bfc062723c751e8b465ee728b)
Start importing Assets/SimpleTown/Prefabs/Buildings/Building_House_Red.prefab using Guid(19da28f31e452744c9297f3b66231f26) Importer(815301076,1909f56bfc062723c751e8b465ee728b)  -> (artifact id: '15f34932f2c4e2332539cc4e98402013') in 0.054057 seconds 
  Import took 0.062727 seconds .

========================================================================
Received Import Request.
  Time since last request: 0.000347 seconds.
  path: Assets/SimpleTown/Prefabs/Buildings/Building_Shop_02.prefab
  artifactKey: Guid(fc152a1d9fdf7c149ad52afea80feabe) Importer(815301076,1909f56bfc062723c751e8b465ee728b)
Start importing Assets/SimpleTown/Prefabs/Buildings/Building_Shop_02.prefab using Guid(fc152a1d9fdf7c149ad52afea80feabe) Importer(815301076,1909f56bfc062723c751e8b465ee728b)  -> (artifact id: '6dbdb64098d2b8392698acfb9fb2b5e5') in 0.020613 seconds 
  Import took 0.033966 seconds .

========================================================================
Received Import Request.
  Time since last request: 0.000515 seconds.
  path: Assets/SimpleTown/Models/Building_House_015.fbx
  artifactKey: Guid(75c4835d404f33f48869520e4bbd816b) Importer(815301076,1909f56bfc062723c751e8b465ee728b)
Start importing Assets/SimpleTown/Models/Building_House_015.fbx using Guid(75c4835d404f33f48869520e4bbd816b) Importer(815301076,1909f56bfc062723c751e8b465ee728b)  -> (artifact id: 'd088e796400d110b4904ac9d943f3459') in 0.058601 seconds 
  Import took 0.069007 seconds .

========================================================================
Received Import Request.
  Time since last request: 0.000287 seconds.
  path: Assets/GUI PRO Kit - Fantasy RPG/Prefabs/Prefabs_Component_Buttons/Button_Circle02.prefab
  artifactKey: Guid(4522bc66b01214a1190da64aa3348c98) Importer(815301076,1909f56bfc062723c751e8b465ee728b)
Start importing Assets/GUI PRO Kit - Fantasy RPG/Prefabs/Prefabs_Component_Buttons/Button_Circle02.prefab using Guid(4522bc66b01214a1190da64aa3348c98) Importer(815301076,1909f56bfc062723c751e8b465ee728b)  -> (artifact id: 'a59f65d6aecef1f4434c3c2ef1e23893') in 0.023264 seconds 
  Import took 0.031597 seconds .

========================================================================
Received Import Request.
  Time since last request: 0.000424 seconds.
  path: Assets/SimpleTown/Prefabs/Buildings/Building_House_015.prefab
  artifactKey: Guid(305e1eb2d9581674f9f4bf509f939360) Importer(815301076,1909f56bfc062723c751e8b465ee728b)
Start importing Assets/SimpleTown/Prefabs/Buildings/Building_House_015.prefab using Guid(305e1eb2d9581674f9f4bf509f939360) Importer(815301076,1909f56bfc062723c751e8b465ee728b)  -> (artifact id: 'ca1d0441c6f00990afa8f05a0d90e5f9') in 0.016786 seconds 
  Import took 0.023659 seconds .

========================================================================
Received Import Request.
  Time since last request: 0.000304 seconds.
  path: Assets/SimpleTown/Prefabs/Buildings/Building_House_Orange.prefab
  artifactKey: Guid(f83bacb1bf0cccb4ba70fde5cdda69a1) Importer(815301076,1909f56bfc062723c751e8b465ee728b)
Start importing Assets/SimpleTown/Prefabs/Buildings/Building_House_Orange.prefab using Guid(f83bacb1bf0cccb4ba70fde5cdda69a1) Importer(815301076,1909f56bfc062723c751e8b465ee728b)  -> (artifact id: '61450562b60425d6d09007f5074324fb') in 0.025652 seconds 
  Import took 0.033746 seconds .

========================================================================
Received Import Request.
  Time since last request: 0.000290 seconds.
  path: Assets/GUI PRO Kit - Fantasy RPG/Prefabs/Prefabs_Component_Buttons/Button_Circle01_Purple.prefab
  artifactKey: Guid(87f0c6aa9b85045efb55b6f6ad1df416) Importer(815301076,1909f56bfc062723c751e8b465ee728b)
Start importing Assets/GUI PRO Kit - Fantasy RPG/Prefabs/Prefabs_Component_Buttons/Button_Circle01_Purple.prefab using Guid(87f0c6aa9b85045efb55b6f6ad1df416) Importer(815301076,1909f56bfc062723c751e8b465ee728b)  -> (artifact id: 'd34828a23dcf71caece36614b6d08901') in 0.021123 seconds 
  Import took 0.029938 seconds .

========================================================================
Received Import Request.
  Time since last request: 0.000273 seconds.
  path: Assets/GUI PRO Kit - Fantasy RPG/Prefabs/Prefabs_Component_Buttons/Button_Rectangle01_Blue.prefab
  artifactKey: Guid(494d623cffdaf49938f9d0998f25c059) Importer(815301076,1909f56bfc062723c751e8b465ee728b)
Start importing Assets/GUI PRO Kit - Fantasy RPG/Prefabs/Prefabs_Component_Buttons/Button_Rectangle01_Blue.prefab using Guid(494d623cffdaf49938f9d0998f25c059) Importer(815301076,1909f56bfc062723c751e8b465ee728b)  -> (artifact id: '3f23fa16f5f095f8ef3f90beb2657f6a') in 0.021023 seconds 
  Import took 0.030740 seconds .

========================================================================
Received Import Request.
  Time since last request: 0.000403 seconds.
  path: Assets/GUI PRO Kit - Fantasy RPG/Prefabs/Prefabs_Component_Buttons/Button_Circle01_Gray.prefab
  artifactKey: Guid(9d89c20d058fc4b1abfb0c4a398836eb) Importer(815301076,1909f56bfc062723c751e8b465ee728b)
Start importing Assets/GUI PRO Kit - Fantasy RPG/Prefabs/Prefabs_Component_Buttons/Button_Circle01_Gray.prefab using Guid(9d89c20d058fc4b1abfb0c4a398836eb) Importer(815301076,1909f56bfc062723c751e8b465ee728b)  -> (artifact id: 'ad38a25be4d63c1ece89dfeb757d31ae') in 0.026443 seconds 
  Import took 0.035654 seconds .

========================================================================
Received Import Request.
  Time since last request: 0.000513 seconds.
  path: Assets/GUI PRO Kit - Fantasy RPG/Prefabs/Prefabs_Component_Buttons/Button_Circle01-Group.prefab
  artifactKey: Guid(c1416f6d45d65495c864f7bd344f39ae) Importer(815301076,1909f56bfc062723c751e8b465ee728b)
Start importing Assets/GUI PRO Kit - Fantasy RPG/Prefabs/Prefabs_Component_Buttons/Button_Circle01-Group.prefab using Guid(c1416f6d45d65495c864f7bd344f39ae) Importer(815301076,1909f56bfc062723c751e8b465ee728b)  -> (artifact id: '26867a9fea23df6b62a039ce9b4cfa25') in 0.030299 seconds 
  Import took 0.038840 seconds .

========================================================================
Received Import Request.
  Time since last request: 0.000336 seconds.
  path: Assets/GUI PRO Kit - Fantasy RPG/Prefabs/Prefabs_Component_Buttons/Button_Circle01_Green.prefab
  artifactKey: Guid(abc2d5e23e86f4587b4e10b38c668f34) Importer(815301076,1909f56bfc062723c751e8b465ee728b)
Start importing Assets/GUI PRO Kit - Fantasy RPG/Prefabs/Prefabs_Component_Buttons/Button_Circle01_Green.prefab using Guid(abc2d5e23e86f4587b4e10b38c668f34) Importer(815301076,1909f56bfc062723c751e8b465ee728b)  -> (artifact id: '8e74dcb69ae296f1b01f26a83d915de9') in 0.018783 seconds 
  Import took 0.030593 seconds .

========================================================================
Received Import Request.
  Time since last request: 0.000267 seconds.
  path: Assets/SimpleTown/Models/Building_Shop_05.fbx
  artifactKey: Guid(4b9512614ba1c6646a53f6c8fbb6f6b8) Importer(815301076,1909f56bfc062723c751e8b465ee728b)
Start importing Assets/SimpleTown/Models/Building_Shop_05.fbx using Guid(4b9512614ba1c6646a53f6c8fbb6f6b8) Importer(815301076,1909f56bfc062723c751e8b465ee728b)  -> (artifact id: '799bde72be5e450fe407c9b05b43b1af') in 0.028442 seconds 
  Import took 0.035952 seconds .

========================================================================
Received Import Request.
  Time since last request: 0.000312 seconds.
  path: Assets/GUI PRO Kit - Fantasy RPG/Prefabs/Prefabs_Component_Buttons/Button_Rectangle01_BlueGray.prefab
  artifactKey: Guid(9769f05840cde480fa6bf1bd95e703e4) Importer(815301076,1909f56bfc062723c751e8b465ee728b)
Start importing Assets/GUI PRO Kit - Fantasy RPG/Prefabs/Prefabs_Component_Buttons/Button_Rectangle01_BlueGray.prefab using Guid(9769f05840cde480fa6bf1bd95e703e4) Importer(815301076,1909f56bfc062723c751e8b465ee728b)  -> (artifact id: '1782a08cf313e2eadfa134211e781f50') in 0.022274 seconds 
  Import took 0.033538 seconds .

========================================================================
Received Import Request.
  Time since last request: 78.949162 seconds.
  path: Assets/Prefabs/Customer/CustomerFast.prefab
  artifactKey: Guid(81a899db3e6e7e747895c94d7edbdc6c) Importer(815301076,1909f56bfc062723c751e8b465ee728b)
Start importing Assets/Prefabs/Customer/CustomerFast.prefab using Guid(81a899db3e6e7e747895c94d7edbdc6c) Importer(815301076,1909f56bfc062723c751e8b465ee728b)  -> (artifact id: '9013cd45fa16851d3ad994dd1dc3011a') in 0.050868 seconds 
  Import took 0.060624 seconds .

========================================================================
Received Import Request.
  Time since last request: 0.000272 seconds.
  path: Assets/Models/EspressoMachine.blend
  artifactKey: Guid(a3b35345c63074e44985bb977d705dd3) Importer(815301076,1909f56bfc062723c751e8b465ee728b)
Start importing Assets/Models/EspressoMachine.blend using Guid(a3b35345c63074e44985bb977d705dd3) Importer(815301076,1909f56bfc062723c751e8b465ee728b)  -> (artifact id: '729031532e33a7c5bbfdba6bb74ea0e7') in 0.051202 seconds 
  Import took 0.059130 seconds .

========================================================================
Received Import Request.
  Time since last request: 0.000310 seconds.
  path: Assets/SimpleBuildings/Models/factory_large_mesh.fbx
  artifactKey: Guid(0ec6581c861f0d84ca322fe5a075fb82) Importer(815301076,1909f56bfc062723c751e8b465ee728b)
Start importing Assets/SimpleBuildings/Models/factory_large_mesh.fbx using Guid(0ec6581c861f0d84ca322fe5a075fb82) Importer(815301076,1909f56bfc062723c751e8b465ee728b)  -> (artifact id: '991c57c8d5904e8c661c7b61069a390b') in 0.045408 seconds 
  Import took 0.055269 seconds .

========================================================================
Received Import Request.
  Time since last request: 0.000784 seconds.
  path: Assets/SimpleBuildings/Models/factory_large_corner_mesh.fbx
  artifactKey: Guid(6e9d0810185ea1643be3858b6353ca33) Importer(815301076,1909f56bfc062723c751e8b465ee728b)
Start importing Assets/SimpleBuildings/Models/factory_large_corner_mesh.fbx using Guid(6e9d0810185ea1643be3858b6353ca33) Importer(815301076,1909f56bfc062723c751e8b465ee728b)  -> (artifact id: '6c225bc8259d6553962de9b85fb72fa0') in 0.037147 seconds 
  Import took 0.049866 seconds .

========================================================================
Received Import Request.
  Time since last request: 0.000354 seconds.
  path: Assets/Standard Assets/ParticleSystems/Prefabs/Explosion.prefab
  artifactKey: Guid(031d08f52af1daa4f929b85221519426) Importer(815301076,1909f56bfc062723c751e8b465ee728b)
Start importing Assets/Standard Assets/ParticleSystems/Prefabs/Explosion.prefab using Guid(031d08f52af1daa4f929b85221519426) Importer(815301076,1909f56bfc062723c751e8b465ee728b)  -> (artifact id: '7cff8bbe9b68a16f2dd5f93e4a6b7afe') in 0.113242 seconds 
  Import took 0.122708 seconds .

========================================================================
Received Import Request.
  Time since last request: 0.000305 seconds.
  path: Assets/Prefabs/UI/CustomerIndicators.prefab
  artifactKey: Guid(13023f27d19770347a05f3522b8def81) Importer(815301076,1909f56bfc062723c751e8b465ee728b)
Start importing Assets/Prefabs/UI/CustomerIndicators.prefab using Guid(13023f27d19770347a05f3522b8def81) Importer(815301076,1909f56bfc062723c751e8b465ee728b)  -> (artifact id: 'ae41063962a83f9a11258e7720fa5c55') in 0.027356 seconds 
  Import took 0.034945 seconds .

========================================================================
Received Import Request.
  Time since last request: 0.000228 seconds.
  path: Assets/Prefabs/Managers/Dialogue Manager (Deprecated).prefab
  artifactKey: Guid(963b5adb7ccd45347a3318c5f888c933) Importer(815301076,1909f56bfc062723c751e8b465ee728b)
Start importing Assets/Prefabs/Managers/Dialogue Manager (Deprecated).prefab using Guid(963b5adb7ccd45347a3318c5f888c933) Importer(815301076,1909f56bfc062723c751e8b465ee728b)  -> (artifact id: '20fd7c92147c77b03672574155120af3') in 0.073314 seconds 
  Import took 0.083548 seconds .

========================================================================
Received Import Request.
  Time since last request: 0.000436 seconds.
  path: Assets/Prefabs/UI/CustomerIndicators.prefab
  artifactKey: Guid(13023f27d19770347a05f3522b8def81) Importer(815301076,1909f56bfc062723c751e8b465ee728b)
Start importing Assets/Prefabs/UI/CustomerIndicators.prefab using Guid(13023f27d19770347a05f3522b8def81) Importer(815301076,1909f56bfc062723c751e8b465ee728b)  -> (artifact id: 'ae41063962a83f9a11258e7720fa5c55') in 0.016196 seconds 
  Import took 0.029611 seconds .

========================================================================
Received Import Request.
  Time since last request: 0.000278 seconds.
  path: Assets/Standard Assets/2D/Prefabs/ExtentsLeft.prefab
  artifactKey: Guid(0eb16b4b3e362ef4f97494dd0e686c46) Importer(815301076,1909f56bfc062723c751e8b465ee728b)
Start importing Assets/Standard Assets/2D/Prefabs/ExtentsLeft.prefab using Guid(0eb16b4b3e362ef4f97494dd0e686c46) Importer(815301076,1909f56bfc062723c751e8b465ee728b)  -> (artifact id: '7036673d377e88568c7683435a2dc22f') in 0.035060 seconds 
  Import took 0.045945 seconds .

========================================================================
Received Import Request.
  Time since last request: 0.000330 seconds.
  path: Assets/Prefabs/Managers/Dialogue Manager.prefab
  artifactKey: Guid(6b9dd3909a8aec646af3c8311bf8eaba) Importer(815301076,1909f56bfc062723c751e8b465ee728b)
Start importing Assets/Prefabs/Managers/Dialogue Manager.prefab using Guid(6b9dd3909a8aec646af3c8311bf8eaba) Importer(815301076,1909f56bfc062723c751e8b465ee728b)  -> (artifact id: '06e881a0d7c36f3913e081a1d95252d8') in 0.062124 seconds 
  Import took 0.071933 seconds .

========================================================================
Received Import Request.
  Time since last request: 0.000359 seconds.
  path: Assets/Standard Assets/CrossPlatformInput/Prefabs/DualTouchControls.prefab
  artifactKey: Guid(2169821f0567671499a5c10104c69c24) Importer(815301076,1909f56bfc062723c751e8b465ee728b)
Start importing Assets/Standard Assets/CrossPlatformInput/Prefabs/DualTouchControls.prefab using Guid(2169821f0567671499a5c10104c69c24) Importer(815301076,1909f56bfc062723c751e8b465ee728b)  -> (artifact id: 'ad42c7b2fd66d3d8d6f8a411da3c4b38') in 0.079510 seconds 
  Import took 0.089354 seconds .

========================================================================
Received Import Request.
  Time since last request: 0.001637 seconds.
  path: Assets/Standard Assets/ParticleSystems/Prefabs/ExplosionMobile.prefab
  artifactKey: Guid(645413a00f7bd0242bbd6d0e5eb6f439) Importer(815301076,1909f56bfc062723c751e8b465ee728b)
Start importing Assets/Standard Assets/ParticleSystems/Prefabs/ExplosionMobile.prefab using Guid(645413a00f7bd0242bbd6d0e5eb6f439) Importer(815301076,1909f56bfc062723c751e8b465ee728b)  -> (artifact id: 'e0e63f97f904e705da69e585e9f34f2e') in 0.086971 seconds 
  Import took 0.097390 seconds .

========================================================================
Received Import Request.
  Time since last request: 0.000721 seconds.
  path: Assets/SimpleBuildings/Prefabs/factory_large_corner_red.prefab
  artifactKey: Guid(195c7949ea32c79499b325568243c133) Importer(815301076,1909f56bfc062723c751e8b465ee728b)
Start importing Assets/SimpleBuildings/Prefabs/factory_large_corner_red.prefab using Guid(195c7949ea32c79499b325568243c133) Importer(815301076,1909f56bfc062723c751e8b465ee728b)  -> (artifact id: '3fd43a83252a9d615651497bea6cfc61') in 0.055628 seconds 
  Import took 0.066822 seconds .

========================================================================
Received Import Request.
  Time since last request: 0.000933 seconds.
  path: Assets/Prefabs/Customer/CustomerSpawner.prefab
  artifactKey: Guid(00ec455e89948bb47b927f6912376005) Importer(815301076,1909f56bfc062723c751e8b465ee728b)
Start importing Assets/Prefabs/Customer/CustomerSpawner.prefab using Guid(00ec455e89948bb47b927f6912376005) Importer(815301076,1909f56bfc062723c751e8b465ee728b)  -> (artifact id: '9479da2426fbfd27e34b15e38b8dd7ef') in 0.036754 seconds 
  Import took 0.051080 seconds .

========================================================================
Received Import Request.
  Time since last request: 0.000381 seconds.
  path: Assets/Standard Assets/ParticleSystems/Prefabs/DustStorm.prefab
  artifactKey: Guid(1f7aa4d40edff6e48b549003cad031e1) Importer(815301076,1909f56bfc062723c751e8b465ee728b)
Start importing Assets/Standard Assets/ParticleSystems/Prefabs/DustStorm.prefab using Guid(1f7aa4d40edff6e48b549003cad031e1) Importer(815301076,1909f56bfc062723c751e8b465ee728b)  -> (artifact id: '70fb3fa4d27d99ca1022db33bdfe2708') in 0.051290 seconds 
  Import took 0.060588 seconds .

========================================================================
Received Import Request.
  Time since last request: 0.000345 seconds.
  path: Assets/Standard Assets/ParticleSystems/Prefabs/DustStormMobile.prefab
  artifactKey: Guid(ed1c797ec3736704db03a0d64d010e33) Importer(815301076,1909f56bfc062723c751e8b465ee728b)
Start importing Assets/Standard Assets/ParticleSystems/Prefabs/DustStormMobile.prefab using Guid(ed1c797ec3736704db03a0d64d010e33) Importer(815301076,1909f56bfc062723c751e8b465ee728b)  -> (artifact id: '7b7c1fc89a222f5375bd90ba2459baf2') in 0.020951 seconds 
  Import took 0.040144 seconds .

========================================================================
Received Import Request.
  Time since last request: 0.000431 seconds.
  path: Assets/Standard Assets/2D/Prefabs/ExtentsRight.prefab
  artifactKey: Guid(b241b59d6a89aff4fbf0bce77e644761) Importer(815301076,1909f56bfc062723c751e8b465ee728b)
Start importing Assets/Standard Assets/2D/Prefabs/ExtentsRight.prefab using Guid(b241b59d6a89aff4fbf0bce77e644761) Importer(815301076,1909f56bfc062723c751e8b465ee728b)  -> (artifact id: '25cbd69d64adb7871969086067894fd4') in 0.024697 seconds 
  Import took 0.033581 seconds .

========================================================================
Received Import Request.
  Time since last request: 0.000280 seconds.
  path: Assets/SampleScenes/Menu/Prefabs/EventSystem.prefab
  artifactKey: Guid(af6c1d82d375aa54c81180d14d62761e) Importer(815301076,1909f56bfc062723c751e8b465ee728b)
Start importing Assets/SampleScenes/Menu/Prefabs/EventSystem.prefab using Guid(af6c1d82d375aa54c81180d14d62761e) Importer(815301076,1909f56bfc062723c751e8b465ee728b)  -> (artifact id: '5f622b7b172264c6415b546c2fd1a606') in 0.013553 seconds 
  Import took 0.020755 seconds .

========================================================================
Received Import Request.
  Time since last request: 0.001186 seconds.
  path: Assets/SampleScenes/Menu/Prefabs/EventSystem.prefab
  artifactKey: Guid(af6c1d82d375aa54c81180d14d62761e) Importer(815301076,1909f56bfc062723c751e8b465ee728b)
Start importing Assets/SampleScenes/Menu/Prefabs/EventSystem.prefab using Guid(af6c1d82d375aa54c81180d14d62761e) Importer(815301076,1909f56bfc062723c751e8b465ee728b)  -> (artifact id: '5f622b7b172264c6415b546c2fd1a606') in 0.017566 seconds 
  Import took 0.027699 seconds .

========================================================================
Received Import Request.
  Time since last request: 0.766487 seconds.
  path: Assets/GUI PRO Kit - Fantasy RPG/Prefabs/Prefabs_Component_Buttons/Button_Rectangle01_Brown.prefab
  artifactKey: Guid(489c6aee211b44414872f7afdf05d7a5) Importer(815301076,1909f56bfc062723c751e8b465ee728b)
Start importing Assets/GUI PRO Kit - Fantasy RPG/Prefabs/Prefabs_Component_Buttons/Button_Rectangle01_Brown.prefab using Guid(489c6aee211b44414872f7afdf05d7a5) Importer(815301076,1909f56bfc062723c751e8b465ee728b)  -> (artifact id: 'e5d15db13cbd88a774eaa994d42f6d2d') in 0.031484 seconds 
  Import took 0.039354 seconds .

========================================================================
Received Import Request.
  Time since last request: 0.000263 seconds.
  path: Assets/GUI PRO Kit - Fantasy RPG/Prefabs/Prefabs_Component_Buttons/Button_Rectangle01_Mint.prefab
  artifactKey: Guid(c7f082ce7c2dc40da9fd383bae796e6e) Importer(815301076,1909f56bfc062723c751e8b465ee728b)
Start importing Assets/GUI PRO Kit - Fantasy RPG/Prefabs/Prefabs_Component_Buttons/Button_Rectangle01_Mint.prefab using Guid(c7f082ce7c2dc40da9fd383bae796e6e) Importer(815301076,1909f56bfc062723c751e8b465ee728b)  -> (artifact id: '68dae5ff7450f2d7f7fb0cd8f6502edb') in 0.020540 seconds 
  Import took 0.028979 seconds .

========================================================================
Received Import Request.
  Time since last request: 0.000280 seconds.
  path: Assets/GUI PRO Kit - Fantasy RPG/Prefabs/Prefabs_Component_Buttons/Button_Rectangle01_Yellow.prefab
  artifactKey: Guid(9e3dc5478531a44ea9d3d15a9f4f0690) Importer(815301076,1909f56bfc062723c751e8b465ee728b)
Start importing Assets/GUI PRO Kit - Fantasy RPG/Prefabs/Prefabs_Component_Buttons/Button_Rectangle01_Yellow.prefab using Guid(9e3dc5478531a44ea9d3d15a9f4f0690) Importer(815301076,1909f56bfc062723c751e8b465ee728b)  -> (artifact id: '049475803de0b8237902d6696b28e890') in 0.021722 seconds 
  Import took 0.028965 seconds .

========================================================================
Received Import Request.
  Time since last request: 0.000351 seconds.
  path: Assets/GUI PRO Kit - Fantasy RPG/Prefabs/Prefabs_Component_Buttons/Button_Rectangle01_Purple.prefab
  artifactKey: Guid(8813307fa2c464baeaa2b0733ac11962) Importer(815301076,1909f56bfc062723c751e8b465ee728b)
Start importing Assets/GUI PRO Kit - Fantasy RPG/Prefabs/Prefabs_Component_Buttons/Button_Rectangle01_Purple.prefab using Guid(8813307fa2c464baeaa2b0733ac11962) Importer(815301076,1909f56bfc062723c751e8b465ee728b)  -> (artifact id: '49b8fd9a8efd434df4ce59c2bec1eb7c') in 0.026555 seconds 
  Import took 0.036920 seconds .

========================================================================
Received Import Request.
  Time since last request: 0.000358 seconds.
  path: Assets/GUI PRO Kit - Fantasy RPG/Prefabs/Prefabs_Component_Buttons/Button_Rectangle01_Red.prefab
  artifactKey: Guid(bafa083cebd8a44b3a2ea74ef38ae939) Importer(815301076,1909f56bfc062723c751e8b465ee728b)
Start importing Assets/GUI PRO Kit - Fantasy RPG/Prefabs/Prefabs_Component_Buttons/Button_Rectangle01_Red.prefab using Guid(bafa083cebd8a44b3a2ea74ef38ae939) Importer(815301076,1909f56bfc062723c751e8b465ee728b)  -> (artifact id: 'ad03b64b755ec2595a6a03b2248acad7') in 0.027082 seconds 
  Import took 0.035571 seconds .

========================================================================
Received Import Request.
  Time since last request: 0.000262 seconds.
  path: Assets/GUI PRO Kit - Fantasy RPG/Prefabs/Prefabs_Component_Buttons/Button_Rectangle03_Green.prefab
  artifactKey: Guid(6f457722106534880ba19ad760aa35d2) Importer(815301076,1909f56bfc062723c751e8b465ee728b)
Start importing Assets/GUI PRO Kit - Fantasy RPG/Prefabs/Prefabs_Component_Buttons/Button_Rectangle03_Green.prefab using Guid(6f457722106534880ba19ad760aa35d2) Importer(815301076,1909f56bfc062723c751e8b465ee728b)  -> (artifact id: 'c5a476898ecd425bd6b8ebad431d0d12') in 0.040294 seconds 
  Import took 0.050065 seconds .

========================================================================
Received Import Request.
  Time since last request: 0.000274 seconds.
  path: Assets/GUI PRO Kit - Fantasy RPG/Prefabs/Prefabs_Component_Buttons/Button_Rectangle01_Dark.prefab
  artifactKey: Guid(272bc530c5144401191ea457c9ac6e36) Importer(815301076,1909f56bfc062723c751e8b465ee728b)
Start importing Assets/GUI PRO Kit - Fantasy RPG/Prefabs/Prefabs_Component_Buttons/Button_Rectangle01_Dark.prefab using Guid(272bc530c5144401191ea457c9ac6e36) Importer(815301076,1909f56bfc062723c751e8b465ee728b)  -> (artifact id: 'c19fa1824dfbac9dc5c1093bd7f6f7ae') in 0.023525 seconds 
  Import took 0.033558 seconds .

========================================================================
Received Import Request.
  Time since last request: 0.000237 seconds.
  path: Assets/GUI PRO Kit - Fantasy RPG/Prefabs/Prefabs_Component_Buttons/Button_Rectangle02_Blue.prefab
  artifactKey: Guid(d097a1fce7c5a4d80b7c9ffeea14e540) Importer(815301076,1909f56bfc062723c751e8b465ee728b)
Start importing Assets/GUI PRO Kit - Fantasy RPG/Prefabs/Prefabs_Component_Buttons/Button_Rectangle02_Blue.prefab using Guid(d097a1fce7c5a4d80b7c9ffeea14e540) Importer(815301076,1909f56bfc062723c751e8b465ee728b)  -> (artifact id: '0c35eed84f8b3444ff20701f05048678') in 0.029578 seconds 
  Import took 0.041936 seconds .

========================================================================
Received Import Request.
  Time since last request: 0.000483 seconds.
  path: Assets/GUI PRO Kit - Fantasy RPG/Prefabs/Prefabs_Component_Buttons/Button_Sqeure01.prefab
  artifactKey: Guid(0767699d167fa4530a0fb52359271ab6) Importer(815301076,1909f56bfc062723c751e8b465ee728b)
Start importing Assets/GUI PRO Kit - Fantasy RPG/Prefabs/Prefabs_Component_Buttons/Button_Sqeure01.prefab using Guid(0767699d167fa4530a0fb52359271ab6) Importer(815301076,1909f56bfc062723c751e8b465ee728b)  -> (artifact id: 'a448d3918199976c3e5f8033220a1c8e') in 0.057383 seconds 
  Import took 0.066291 seconds .

========================================================================
Received Import Request.
  Time since last request: 0.000245 seconds.
  path: Assets/GUI PRO Kit - Fantasy RPG/Prefabs/Prefabs_Component_Buttons/Button_Rectangle04.prefab
  artifactKey: Guid(f4df4f50c3d39462d88eebbd8e0fbd21) Importer(815301076,1909f56bfc062723c751e8b465ee728b)
Start importing Assets/GUI PRO Kit - Fantasy RPG/Prefabs/Prefabs_Component_Buttons/Button_Rectangle04.prefab using Guid(f4df4f50c3d39462d88eebbd8e0fbd21) Importer(815301076,1909f56bfc062723c751e8b465ee728b)  -> (artifact id: '33a826e12245062839c2393987929295') in 0.044764 seconds 
  Import took 0.054513 seconds .

========================================================================
Received Import Request.
  Time since last request: 0.000340 seconds.
  path: Assets/GUI PRO Kit - Fantasy RPG/Prefabs/Prefabs_Component_Buttons/Button_Rectangle01_Gray.prefab
  artifactKey: Guid(018947ce1abc14047b699d7e8fdcf673) Importer(815301076,1909f56bfc062723c751e8b465ee728b)
Start importing Assets/GUI PRO Kit - Fantasy RPG/Prefabs/Prefabs_Component_Buttons/Button_Rectangle01_Gray.prefab using Guid(018947ce1abc14047b699d7e8fdcf673) Importer(815301076,1909f56bfc062723c751e8b465ee728b)  -> (artifact id: 'cb374d09b6ce2b07f527c3a4765e83a6') in 0.030892 seconds 
  Import took 0.043074 seconds .

========================================================================
Received Import Request.
  Time since last request: 0.000308 seconds.
  path: Assets/GUI PRO Kit - Fantasy RPG/Prefabs/Prefabs_Component_Buttons/Button_Rectangle01_White.prefab
  artifactKey: Guid(d1391910418d64ed18f1faeb4b5ab518) Importer(815301076,1909f56bfc062723c751e8b465ee728b)
Start importing Assets/GUI PRO Kit - Fantasy RPG/Prefabs/Prefabs_Component_Buttons/Button_Rectangle01_White.prefab using Guid(d1391910418d64ed18f1faeb4b5ab518) Importer(815301076,1909f56bfc062723c751e8b465ee728b)  -> (artifact id: 'badfbdd600add28928e8994b1dee84f2') in 0.033286 seconds 
  Import took 0.043945 seconds .

========================================================================
Received Import Request.
  Time since last request: 0.001596 seconds.
  path: Assets/GUI PRO Kit - Fantasy RPG/Prefabs/Prefabs_Component_Buttons/Button_Rectangle01_Green.prefab
  artifactKey: Guid(ce66926fbee764449a9784a32e1d5033) Importer(815301076,1909f56bfc062723c751e8b465ee728b)
Start importing Assets/GUI PRO Kit - Fantasy RPG/Prefabs/Prefabs_Component_Buttons/Button_Rectangle01_Green.prefab using Guid(ce66926fbee764449a9784a32e1d5033) Importer(815301076,1909f56bfc062723c751e8b465ee728b)  -> (artifact id: 'b33f846212c53616157e6c0b6873301d') in 0.024404 seconds 
  Import took 0.037630 seconds .

========================================================================
Received Import Request.
  Time since last request: 0.000310 seconds.
  path: Assets/GUI PRO Kit - Fantasy RPG/Prefabs/Prefabs_Component_Buttons/Button_Rectangle01_Dim.prefab
  artifactKey: Guid(0eafc1614a0ec4e84994a74cff36db84) Importer(815301076,1909f56bfc062723c751e8b465ee728b)
Start importing Assets/GUI PRO Kit - Fantasy RPG/Prefabs/Prefabs_Component_Buttons/Button_Rectangle01_Dim.prefab using Guid(0eafc1614a0ec4e84994a74cff36db84) Importer(815301076,1909f56bfc062723c751e8b465ee728b)  -> (artifact id: '64b72ab154894fe6dc84e59761e38458') in 0.025211 seconds 
  Import took 0.035221 seconds .

========================================================================
Received Import Request.
  Time since last request: 0.006463 seconds.
  path: Assets/GUI PRO Kit - Fantasy RPG/Prefabs/Prefabs_Component_Buttons/Button_Rectangle01_Green.prefab
  artifactKey: Guid(ce66926fbee764449a9784a32e1d5033) Importer(815301076,1909f56bfc062723c751e8b465ee728b)
Start importing Assets/GUI PRO Kit - Fantasy RPG/Prefabs/Prefabs_Component_Buttons/Button_Rectangle01_Green.prefab using Guid(ce66926fbee764449a9784a32e1d5033) Importer(815301076,1909f56bfc062723c751e8b465ee728b)  -> (artifact id: 'b33f846212c53616157e6c0b6873301d') in 0.018514 seconds 
  Import took 0.030230 seconds .

========================================================================
Received Import Request.
  Time since last request: 89.515932 seconds.
  path: Assets/rockport.asset
  artifactKey: Guid(5bde9fa72c23c7f489047a8a46d07c71) Importer(815301076,1909f56bfc062723c751e8b465ee728b)
Start importing Assets/rockport.asset using Guid(5bde9fa72c23c7f489047a8a46d07c71) Importer(815301076,1909f56bfc062723c751e8b465ee728b)  -> (artifact id: 'aa570aa77928ef87423ecf19035cde7a') in 0.674019 seconds 
  Import took 0.866339 seconds .

========================================================================
Received Import Request.
  Time since last request: 0.727662 seconds.
  path: Assets/Prefabs/Cup.prefab
  artifactKey: Guid(8c67d96a88477304998c60cefb4eb4c8) Importer(815301076,1909f56bfc062723c751e8b465ee728b)
Start importing Assets/Prefabs/Cup.prefab using Guid(8c67d96a88477304998c60cefb4eb4c8) Importer(815301076,1909f56bfc062723c751e8b465ee728b)  -> (artifact id: '0064c16fd162d8ff1c0578b2eda57536') in 0.025438 seconds 
  Import took 0.039151 seconds .

========================================================================
Received Import Request.
  Time since last request: 0.000325 seconds.
  path: Assets/Prefabs/LevelBaseAssets (Deprecated).prefab
  artifactKey: Guid(d34673e30098fd94097288e82459ce1e) Importer(815301076,1909f56bfc062723c751e8b465ee728b)
Start importing Assets/Prefabs/LevelBaseAssets (Deprecated).prefab using Guid(d34673e30098fd94097288e82459ce1e) Importer(815301076,1909f56bfc062723c751e8b465ee728b)  -> (artifact id: 'ec82ba2b7303d8e41304add2ddb35f9b') in 0.227923 seconds 
  Import took 0.242878 seconds .

========================================================================
Received Import Request.
  Time since last request: 0.000334 seconds.
  path: Assets/Prefabs/LevelBaseAssets.prefab
  artifactKey: Guid(0865d9a73e0788a4d926cf347b80d861) Importer(815301076,1909f56bfc062723c751e8b465ee728b)
Start importing Assets/Prefabs/LevelBaseAssets.prefab using Guid(0865d9a73e0788a4d926cf347b80d861) Importer(815301076,1909f56bfc062723c751e8b465ee728b)  -> (artifact id: 'da32bd39bfb0ca1e205aa482c264dfc8') in 0.245462 seconds 
  Import took 0.260161 seconds .

========================================================================
Received Import Request.
  Time since last request: 0.000306 seconds.
  path: Assets/Prefabs/GameMenu.prefab
  artifactKey: Guid(0f638336be2d98f4b8f2a859bf249f6e) Importer(815301076,1909f56bfc062723c751e8b465ee728b)
Start importing Assets/Prefabs/GameMenu.prefab using Guid(0f638336be2d98f4b8f2a859bf249f6e) Importer(815301076,1909f56bfc062723c751e8b465ee728b)  -> (artifact id: '145c29e0c472b24b6497973f71724ebd') in 0.072387 seconds 
  Import took 0.085284 seconds .

